<?xml version="1.0" encoding="UTF-8"?>
<coverage generated="1581781865414" clover="3.2.0">
  <project timestamp="1581781865414" name="All files">
    <metrics statements="202" coveredstatements="174" conditionals="51" coveredconditionals="33" methods="63" coveredmethods="41" elements="316" coveredelements="248" complexity="0" loc="202" ncloc="202" packages="11" files="14" classes="14"/>
    <package name="src">
      <metrics statements="2" coveredstatements="2" conditionals="10" coveredconditionals="5" methods="1" coveredmethods="1"/>
      <file name="App.js" path="/Users/mantas/Personal/Personal/University/CS-Project/task-activity-planner/ma738/code/branches/master/task-activity-planner/client/src/App.js">
        <metrics statements="2" coveredstatements="2" conditionals="10" coveredconditionals="5" methods="1" coveredmethods="1"/>
        <line num="17" count="1" type="stmt"/>
        <line num="24" count="1" type="stmt"/>
      </file>
    </package>
    <package name="src.components.Cover">
      <metrics statements="6" coveredstatements="6" conditionals="2" coveredconditionals="1" methods="1" coveredmethods="1"/>
      <file name="Cover.js" path="/Users/mantas/Personal/Personal/University/CS-Project/task-activity-planner/ma738/code/branches/master/task-activity-planner/client/src/components/Cover/Cover.js">
        <metrics statements="6" coveredstatements="6" conditionals="2" coveredconditionals="1" methods="1" coveredmethods="1"/>
        <line num="10" count="2" type="stmt"/>
        <line num="59" count="2" type="stmt"/>
        <line num="63" count="2" type="stmt"/>
        <line num="70" count="2" type="stmt"/>
        <line num="71" count="3" type="stmt"/>
        <line num="73" count="3" type="stmt"/>
      </file>
    </package>
    <package name="src.components.Error">
      <metrics statements="5" coveredstatements="5" conditionals="2" coveredconditionals="2" methods="1" coveredmethods="1"/>
      <file name="Error.js" path="/Users/mantas/Personal/Personal/University/CS-Project/task-activity-planner/ma738/code/branches/master/task-activity-planner/client/src/components/Error/Error.js">
        <metrics statements="5" coveredstatements="5" conditionals="2" coveredconditionals="2" methods="1" coveredmethods="1"/>
        <line num="6" count="2" type="stmt"/>
        <line num="55" count="2" type="stmt"/>
        <line num="57" count="2" type="stmt"/>
        <line num="64" count="2" type="stmt"/>
        <line num="65" count="2" type="stmt"/>
      </file>
    </package>
    <package name="src.components.Layout">
      <metrics statements="4" coveredstatements="4" conditionals="0" coveredconditionals="0" methods="2" coveredmethods="2"/>
      <file name="Layout.js" path="/Users/mantas/Personal/Personal/University/CS-Project/task-activity-planner/ma738/code/branches/master/task-activity-planner/client/src/components/Layout/Layout.js">
        <metrics statements="4" coveredstatements="4" conditionals="0" coveredconditionals="0" methods="2" coveredmethods="2"/>
        <line num="9" count="6" type="stmt"/>
        <line num="26" count="4" type="stmt"/>
        <line num="27" count="6" type="stmt"/>
        <line num="29" count="6" type="stmt"/>
      </file>
    </package>
    <package name="src.components.Navigation">
      <metrics statements="19" coveredstatements="13" conditionals="9" coveredconditionals="8" methods="8" coveredmethods="2"/>
      <file name="Navigation.js" path="/Users/mantas/Personal/Personal/University/CS-Project/task-activity-planner/ma738/code/branches/master/task-activity-planner/client/src/components/Navigation/Navigation.js">
        <metrics statements="19" coveredstatements="13" conditionals="9" coveredconditionals="8" methods="8" coveredmethods="2"/>
        <line num="33" count="5" type="stmt"/>
        <line num="35" count="9" type="stmt"/>
        <line num="114" count="5" type="stmt"/>
        <line num="115" count="9" type="stmt"/>
        <line num="116" count="9" type="stmt"/>
        <line num="118" count="9" type="stmt"/>
        <line num="119" count="9" type="stmt"/>
        <line num="121" count="9" type="stmt"/>
        <line num="123" count="9" type="stmt"/>
        <line num="124" count="0" type="stmt"/>
        <line num="127" count="9" type="stmt"/>
        <line num="128" count="0" type="stmt"/>
        <line num="131" count="9" type="stmt"/>
        <line num="132" count="0" type="stmt"/>
        <line num="135" count="9" type="stmt"/>
        <line num="136" count="0" type="stmt"/>
        <line num="139" count="9" type="stmt"/>
        <line num="172" count="0" type="stmt"/>
        <line num="200" count="0" type="stmt"/>
      </file>
    </package>
    <package name="src.components.User.Home">
      <metrics statements="40" coveredstatements="32" conditionals="8" coveredconditionals="6" methods="15" coveredmethods="10"/>
      <file name="Home.js" path="/Users/mantas/Personal/Personal/University/CS-Project/task-activity-planner/ma738/code/branches/master/task-activity-planner/client/src/components/User/Home/Home.js">
        <metrics statements="40" coveredstatements="32" conditionals="8" coveredconditionals="6" methods="15" coveredmethods="10"/>
        <line num="14" count="2" type="stmt"/>
        <line num="24" count="2" type="stmt"/>
        <line num="33" count="2" type="stmt"/>
        <line num="50" count="2" type="stmt"/>
        <line num="67" count="2" type="stmt"/>
        <line num="83" count="2" type="stmt"/>
        <line num="87" count="2" type="stmt"/>
        <line num="96" count="2" type="stmt"/>
        <line num="107" count="3" type="stmt"/>
        <line num="112" count="3" type="stmt"/>
        <line num="113" count="3" type="stmt"/>
        <line num="115" count="3" type="stmt"/>
        <line num="118" count="3" type="stmt"/>
        <line num="120" count="0" type="stmt"/>
        <line num="126" count="3" type="stmt"/>
        <line num="156" count="3" type="stmt"/>
        <line num="157" count="3" type="stmt"/>
        <line num="159" count="3" type="stmt"/>
        <line num="164" count="3" type="stmt"/>
        <line num="166" count="2" type="stmt"/>
        <line num="167" count="1" type="stmt"/>
        <line num="169" count="3" type="stmt"/>
        <line num="173" count="3" type="stmt"/>
        <line num="174" count="3" type="stmt"/>
        <line num="178" count="15" type="stmt"/>
        <line num="180" count="15" type="stmt"/>
        <line num="199" count="4" type="stmt"/>
        <line num="200" count="4" type="stmt"/>
        <line num="202" count="4" type="cond" truecount="1" falsecount="1"/>
        <line num="203" count="0" type="stmt"/>
        <line num="206" count="10" type="stmt"/>
        <line num="207" count="10" type="stmt"/>
        <line num="209" count="10" type="stmt"/>
        <line num="216" count="0" type="stmt"/>
        <line num="218" count="0" type="stmt"/>
        <line num="244" count="0" type="stmt"/>
        <line num="271" count="10" type="stmt"/>
        <line num="273" count="0" type="stmt"/>
        <line num="275" count="0" type="stmt"/>
        <line num="301" count="0" type="stmt"/>
      </file>
    </package>
    <package name="src.components.User.Mood">
      <metrics statements="29" coveredstatements="28" conditionals="8" coveredconditionals="5" methods="8" coveredmethods="6"/>
      <file name="Mood.js" path="/Users/mantas/Personal/Personal/University/CS-Project/task-activity-planner/ma738/code/branches/master/task-activity-planner/client/src/components/User/Mood/Mood.js">
        <metrics statements="29" coveredstatements="28" conditionals="8" coveredconditionals="5" methods="8" coveredmethods="6"/>
        <line num="16" count="2" type="stmt"/>
        <line num="28" count="2" type="stmt"/>
        <line num="36" count="2" type="stmt"/>
        <line num="41" count="2" type="stmt"/>
        <line num="64" count="6" type="cond" truecount="1" falsecount="1"/>
        <line num="70" count="2" type="stmt"/>
        <line num="85" count="2" type="stmt"/>
        <line num="144" count="2" type="stmt"/>
        <line num="152" count="2" type="stmt"/>
        <line num="163" count="2" type="stmt"/>
        <line num="168" count="2" type="stmt"/>
        <line num="169" count="1" type="stmt"/>
        <line num="170" count="1" type="stmt"/>
        <line num="177" count="1" type="stmt"/>
        <line num="179" count="1" type="stmt"/>
        <line num="181" count="0" type="stmt"/>
        <line num="184" count="1" type="stmt"/>
        <line num="188" count="1" type="stmt"/>
        <line num="189" count="1" type="stmt"/>
        <line num="194" count="1" type="stmt"/>
        <line num="195" count="1" type="stmt"/>
        <line num="196" count="1" type="stmt"/>
        <line num="204" count="3" type="stmt"/>
        <line num="206" count="3" type="cond" truecount="2" falsecount="0"/>
        <line num="207" count="1" type="stmt"/>
        <line num="210" count="2" type="stmt"/>
        <line num="217" count="2" type="stmt"/>
        <line num="235" count="2" type="stmt"/>
        <line num="237" count="2" type="stmt"/>
      </file>
    </package>
    <package name="src.components.User.Tasks">
      <metrics statements="74" coveredstatements="61" conditionals="12" coveredconditionals="6" methods="19" coveredmethods="10"/>
      <file name="AddTaskForm.js" path="/Users/mantas/Personal/Personal/University/CS-Project/task-activity-planner/ma738/code/branches/master/task-activity-planner/client/src/components/User/Tasks/AddTaskForm.js">
        <metrics statements="35" coveredstatements="33" conditionals="4" coveredconditionals="3" methods="9" coveredmethods="6"/>
        <line num="15" count="2" type="stmt"/>
        <line num="27" count="2" type="stmt"/>
        <line num="35" count="2" type="stmt"/>
        <line num="40" count="2" type="stmt"/>
        <line num="63" count="8" type="cond" truecount="1" falsecount="1"/>
        <line num="69" count="2" type="stmt"/>
        <line num="92" count="2" type="stmt"/>
        <line num="107" count="2" type="stmt"/>
        <line num="122" count="2" type="stmt"/>
        <line num="182" count="2" type="stmt"/>
        <line num="186" count="2" type="stmt"/>
        <line num="187" count="1" type="stmt"/>
        <line num="188" count="1" type="stmt"/>
        <line num="189" count="1" type="stmt"/>
        <line num="201" count="1" type="stmt"/>
        <line num="203" count="1" type="stmt"/>
        <line num="205" count="0" type="stmt"/>
        <line num="208" count="1" type="stmt"/>
        <line num="212" count="1" type="stmt"/>
        <line num="213" count="1" type="stmt"/>
        <line num="218" count="1" type="stmt"/>
        <line num="219" count="1" type="stmt"/>
        <line num="220" count="1" type="stmt"/>
        <line num="228" count="3" type="stmt"/>
        <line num="230" count="3" type="cond" truecount="2" falsecount="0"/>
        <line num="231" count="1" type="stmt"/>
        <line num="235" count="2" type="stmt"/>
        <line num="236" count="2" type="stmt"/>
        <line num="237" count="2" type="stmt"/>
        <line num="238" count="2" type="stmt"/>
        <line num="240" count="2" type="stmt"/>
        <line num="258" count="2" type="stmt"/>
        <line num="282" count="2" type="stmt"/>
        <line num="284" count="2" type="stmt"/>
        <line num="326" count="0" type="stmt"/>
      </file>
      <file name="AllTasks.js" path="/Users/mantas/Personal/Personal/University/CS-Project/task-activity-planner/ma738/code/branches/master/task-activity-planner/client/src/components/User/Tasks/AllTasks.js">
        <metrics statements="18" coveredstatements="9" conditionals="4" coveredconditionals="1" methods="6" coveredmethods="1"/>
        <line num="14" count="2" type="stmt"/>
        <line num="24" count="2" type="stmt"/>
        <line num="33" count="2" type="stmt"/>
        <line num="50" count="2" type="stmt"/>
        <line num="68" count="2" type="stmt"/>
        <line num="84" count="2" type="stmt"/>
        <line num="89" count="1" type="stmt"/>
        <line num="135" count="0" type="stmt"/>
        <line num="139" count="1" type="stmt"/>
        <line num="141" count="1" type="stmt"/>
        <line num="160" count="0" type="stmt"/>
        <line num="161" count="0" type="stmt"/>
        <line num="163" count="0" type="cond" truecount="0" falsecount="2"/>
        <line num="164" count="0" type="stmt"/>
        <line num="166" count="0" type="stmt"/>
        <line num="168" count="0" type="stmt"/>
        <line num="170" count="0" type="stmt"/>
        <line num="198" count="0" type="stmt"/>
      </file>
      <file name="EditTask.js" path="/Users/mantas/Personal/Personal/University/CS-Project/task-activity-planner/ma738/code/branches/master/task-activity-planner/client/src/components/User/Tasks/EditTask.js">
        <metrics statements="21" coveredstatements="19" conditionals="4" coveredconditionals="2" methods="4" coveredmethods="3"/>
        <line num="16" count="2" type="stmt"/>
        <line num="28" count="2" type="stmt"/>
        <line num="36" count="2" type="stmt"/>
        <line num="41" count="2" type="stmt"/>
        <line num="64" count="8" type="cond" truecount="1" falsecount="1"/>
        <line num="70" count="2" type="stmt"/>
        <line num="93" count="2" type="stmt"/>
        <line num="108" count="2" type="stmt"/>
        <line num="123" count="2" type="stmt"/>
        <line num="183" count="2" type="stmt"/>
        <line num="234" count="2" type="stmt"/>
        <line num="236" count="2" type="cond" truecount="1" falsecount="1"/>
        <line num="237" count="0" type="stmt"/>
        <line num="241" count="2" type="stmt"/>
        <line num="242" count="2" type="stmt"/>
        <line num="244" count="2" type="stmt"/>
        <line num="264" count="2" type="stmt"/>
        <line num="266" count="2" type="stmt"/>
        <line num="291" count="2" type="stmt"/>
        <line num="293" count="2" type="stmt"/>
        <line num="335" count="0" type="stmt"/>
      </file>
    </package>
    <package name="src.components.shared">
      <metrics statements="21" coveredstatements="21" conditionals="0" coveredconditionals="0" methods="8" coveredmethods="8"/>
      <file name="Button.js" path="/Users/mantas/Personal/Personal/University/CS-Project/task-activity-planner/ma738/code/branches/master/task-activity-planner/client/src/components/shared/Button.js">
        <metrics statements="3" coveredstatements="3" conditionals="0" coveredconditionals="0" methods="1" coveredmethods="1"/>
        <line num="5" count="1" type="stmt"/>
        <line num="21" count="1" type="stmt"/>
        <line num="22" count="2" type="stmt"/>
      </file>
      <file name="Checkbox.js" path="/Users/mantas/Personal/Personal/University/CS-Project/task-activity-planner/ma738/code/branches/master/task-activity-planner/client/src/components/shared/Checkbox.js">
        <metrics statements="18" coveredstatements="18" conditionals="0" coveredconditionals="0" methods="7" coveredmethods="7"/>
        <line num="7" count="4" type="stmt"/>
        <line num="11" count="4" type="stmt"/>
        <line num="25" count="3" type="stmt"/>
        <line num="27" count="3" type="stmt"/>
        <line num="29" count="3" type="stmt"/>
        <line num="33" count="3" type="stmt"/>
        <line num="34" count="2" type="stmt"/>
        <line num="35" count="2" type="stmt"/>
        <line num="36" count="2" type="stmt"/>
        <line num="41" count="2" type="stmt"/>
        <line num="45" count="1" type="stmt"/>
        <line num="48" count="1" type="stmt"/>
        <line num="52" count="2" type="stmt"/>
        <line num="56" count="2" type="stmt"/>
        <line num="57" count="2" type="stmt"/>
        <line num="59" count="1" type="stmt"/>
        <line num="61" count="1" type="stmt"/>
        <line num="69" count="6" type="stmt"/>
      </file>
    </package>
    <package name="src.components.shared.Theme">
      <metrics statements="2" coveredstatements="2" conditionals="0" coveredconditionals="0" methods="0" coveredmethods="0"/>
      <file name="Theme.js" path="/Users/mantas/Personal/Personal/University/CS-Project/task-activity-planner/ma738/code/branches/master/task-activity-planner/client/src/components/shared/Theme/Theme.js">
        <metrics statements="2" coveredstatements="2" conditionals="0" coveredconditionals="0" methods="0" coveredmethods="0"/>
        <line num="4" count="12" type="stmt"/>
        <line num="10" count="12" type="stmt"/>
      </file>
    </package>
    <package name="src.utils">
      <metrics statements="0" coveredstatements="0" conditionals="0" coveredconditionals="0" methods="0" coveredmethods="0"/>
      <file name="history.js" path="/Users/mantas/Personal/Personal/University/CS-Project/task-activity-planner/ma738/code/branches/master/task-activity-planner/client/src/utils/history.js">
        <metrics statements="0" coveredstatements="0" conditionals="0" coveredconditionals="0" methods="0" coveredmethods="0"/>
      </file>
    </package>
  </project>
</coverage>
