{"/Users/mantas/Personal/Personal/University/CS-Project/task-activity-planner/ma738/code/branches/master/task-activity-planner/client/src/App.js": {"path":"/Users/mantas/Personal/Personal/University/CS-Project/task-activity-planner/ma738/code/branches/master/task-activity-planner/client/src/App.js","statementMap":{"0":{"start":{"line":16,"column":45},"end":{"line":16,"column":55}},"1":{"start":{"line":23,"column":2},"end":{"line":74,"column":4}}},"fnMap":{"0":{"name":"App","decl":{"start":{"line":15,"column":9},"end":{"line":15,"column":12}},"loc":{"start":{"line":15,"column":15},"end":{"line":75,"column":1}},"line":15}},"branchMap":{"0":{"loc":{"start":{"line":28,"column":13},"end":{"line":34,"column":13}},"type":"cond-expr","locations":[{"start":{"line":29,"column":14},"end":{"line":31,"column":27}},{"start":{"line":33,"column":14},"end":{"line":33,"column":37}}],"line":28},"1":{"loc":{"start":{"line":37,"column":13},"end":{"line":43,"column":13}},"type":"cond-expr","locations":[{"start":{"line":38,"column":14},"end":{"line":40,"column":27}},{"start":{"line":42,"column":14},"end":{"line":42,"column":37}}],"line":37},"2":{"loc":{"start":{"line":45,"column":11},"end":{"line":47,"column":11}},"type":"binary-expr","locations":[{"start":{"line":45,"column":11},"end":{"line":45,"column":26}},{"start":{"line":46,"column":12},"end":{"line":46,"column":67}}],"line":45},"3":{"loc":{"start":{"line":49,"column":13},"end":{"line":55,"column":13}},"type":"cond-expr","locations":[{"start":{"line":50,"column":14},"end":{"line":52,"column":27}},{"start":{"line":54,"column":14},"end":{"line":54,"column":37}}],"line":49},"4":{"loc":{"start":{"line":58,"column":13},"end":{"line":64,"column":13}},"type":"cond-expr","locations":[{"start":{"line":59,"column":14},"end":{"line":61,"column":27}},{"start":{"line":63,"column":14},"end":{"line":63,"column":37}}],"line":58}},"s":{"0":1,"1":1},"f":{"0":1},"b":{"0":[0,1],"1":[0,1],"2":[1,0],"3":[0,1],"4":[0,1]},"_coverageSchema":"43e27e138ebf9cfc5966b082cf9a028302ed4184","hash":"73b76374f9f7dc2fe8db2c34c67b694a56231b79"}
,"/Users/mantas/Personal/Personal/University/CS-Project/task-activity-planner/ma738/code/branches/master/task-activity-planner/client/src/components/Cover/Cover.js": {"path":"/Users/mantas/Personal/Personal/University/CS-Project/task-activity-planner/ma738/code/branches/master/task-activity-planner/client/src/components/Cover/Cover.js","statementMap":{"0":{"start":{"line":9,"column":16},"end":{"line":56,"column":1}},"1":{"start":{"line":58,"column":14},"end":{"line":60,"column":1}},"2":{"start":{"line":62,"column":17},"end":{"line":67,"column":1}},"3":{"start":{"line":69,"column":14},"end":{"line":85,"column":1}},"4":{"start":{"line":70,"column":30},"end":{"line":70,"column":40}},"5":{"start":{"line":72,"column":2},"end":{"line":84,"column":4}}},"fnMap":{"0":{"name":"(anonymous_0)","decl":{"start":{"line":69,"column":14},"end":{"line":69,"column":15}},"loc":{"start":{"line":69,"column":20},"end":{"line":85,"column":1}},"line":69}},"branchMap":{"0":{"loc":{"start":{"line":78,"column":7},"end":{"line":82,"column":7}},"type":"binary-expr","locations":[{"start":{"line":78,"column":7},"end":{"line":78,"column":22}},{"start":{"line":79,"column":8},"end":{"line":81,"column":15}}],"line":78}},"s":{"0":2,"1":2,"2":2,"3":2,"4":3,"5":3},"f":{"0":3},"b":{"0":[3,0]},"_coverageSchema":"43e27e138ebf9cfc5966b082cf9a028302ed4184","hash":"4168dfd4193db3b9a1ceced9d8b1a23440df165f"}
,"/Users/mantas/Personal/Personal/University/CS-Project/task-activity-planner/ma738/code/branches/master/task-activity-planner/client/src/components/Error/Error.js": {"path":"/Users/mantas/Personal/Personal/University/CS-Project/task-activity-planner/ma738/code/branches/master/task-activity-planner/client/src/components/Error/Error.js","statementMap":{"0":{"start":{"line":6,"column":16},"end":{"line":53,"column":1}},"1":{"start":{"line":55,"column":14},"end":{"line":55,"column":25}},"2":{"start":{"line":57,"column":17},"end":{"line":62,"column":1}},"3":{"start":{"line":64,"column":14},"end":{"line":88,"column":1}},"4":{"start":{"line":65,"column":2},"end":{"line":87,"column":4}}},"fnMap":{"0":{"name":"(anonymous_0)","decl":{"start":{"line":64,"column":14},"end":{"line":64,"column":15}},"loc":{"start":{"line":64,"column":31},"end":{"line":88,"column":1}},"line":64}},"branchMap":{"0":{"loc":{"start":{"line":69,"column":11},"end":{"line":83,"column":11}},"type":"cond-expr","locations":[{"start":{"line":70,"column":12},"end":{"line":75,"column":15}},{"start":{"line":77,"column":12},"end":{"line":82,"column":15}}],"line":69}},"s":{"0":2,"1":2,"2":2,"3":2,"4":2},"f":{"0":2},"b":{"0":[1,1]},"_coverageSchema":"43e27e138ebf9cfc5966b082cf9a028302ed4184","hash":"90ea157390dd9586353349b634797cdccc2a6397"}
,"/Users/mantas/Personal/Personal/University/CS-Project/task-activity-planner/ma738/code/branches/master/task-activity-planner/client/src/components/Layout/Layout.js": {"path":"/Users/mantas/Personal/Personal/University/CS-Project/task-activity-planner/ma738/code/branches/master/task-activity-planner/client/src/components/Layout/Layout.js","statementMap":{"0":{"start":{"line":8,"column":16},"end":{"line":12,"column":1}},"1":{"start":{"line":14,"column":15},"end":{"line":23,"column":1}},"2":{"start":{"line":15,"column":2},"end":{"line":22,"column":4}}},"fnMap":{"0":{"name":"(anonymous_0)","decl":{"start":{"line":14,"column":15},"end":{"line":14,"column":16}},"loc":{"start":{"line":14,"column":24},"end":{"line":23,"column":1}},"line":14}},"branchMap":{},"s":{"0":3,"1":3,"2":4},"f":{"0":4},"b":{},"_coverageSchema":"43e27e138ebf9cfc5966b082cf9a028302ed4184","hash":"8c5d440a488a93e02003d75340088ba322fb8f6f"}
,"/Users/mantas/Personal/Personal/University/CS-Project/task-activity-planner/ma738/code/branches/master/task-activity-planner/client/src/components/Navigation/Navigation.js": {"path":"/Users/mantas/Personal/Personal/University/CS-Project/task-activity-planner/ma738/code/branches/master/task-activity-planner/client/src/components/Navigation/Navigation.js","statementMap":{"0":{"start":{"line":6,"column":12},"end":{"line":26,"column":1}},"1":{"start":{"line":28,"column":16},"end":{"line":33,"column":1}},"2":{"start":{"line":35,"column":14},"end":{"line":37,"column":1}},"3":{"start":{"line":39,"column":16},"end":{"line":51,"column":1}},"4":{"start":{"line":53,"column":19},"end":{"line":71,"column":1}},"5":{"start":{"line":54,"column":49},"end":{"line":54,"column":59}},"6":{"start":{"line":56,"column":2},"end":{"line":70,"column":4}},"7":{"start":{"line":63,"column":36},"end":{"line":63,"column":57}}},"fnMap":{"0":{"name":"(anonymous_0)","decl":{"start":{"line":53,"column":19},"end":{"line":53,"column":20}},"loc":{"start":{"line":53,"column":25},"end":{"line":71,"column":1}},"line":53},"1":{"name":"(anonymous_1)","decl":{"start":{"line":63,"column":30},"end":{"line":63,"column":31}},"loc":{"start":{"line":63,"column":36},"end":{"line":63,"column":57}},"line":63}},"branchMap":{"0":{"loc":{"start":{"line":61,"column":11},"end":{"line":66,"column":11}},"type":"binary-expr","locations":[{"start":{"line":61,"column":11},"end":{"line":61,"column":27}}],"line":61}},"s":{"0":4,"1":4,"2":4,"3":4,"4":4,"5":6,"6":6,"7":0},"f":{"0":6,"1":0},"b":{"0":[6]},"_coverageSchema":"43e27e138ebf9cfc5966b082cf9a028302ed4184","hash":"20e77e07de6365118e919091a2286bc04769be82"}
,"/Users/mantas/Personal/Personal/University/CS-Project/task-activity-planner/ma738/code/branches/master/task-activity-planner/client/src/components/User/Home/Home.js": {"path":"/Users/mantas/Personal/Personal/University/CS-Project/task-activity-planner/ma738/code/branches/master/task-activity-planner/client/src/components/User/Home/Home.js","statementMap":{"0":{"start":{"line":14,"column":14},"end":{"line":22,"column":1}},"1":{"start":{"line":24,"column":18},"end":{"line":31,"column":1}},"2":{"start":{"line":33,"column":20},"end":{"line":48,"column":1}},"3":{"start":{"line":50,"column":21},"end":{"line":65,"column":1}},"4":{"start":{"line":67,"column":20},"end":{"line":81,"column":1}},"5":{"start":{"line":83,"column":17},"end":{"line":85,"column":1}},"6":{"start":{"line":87,"column":15},"end":{"line":94,"column":1}},"7":{"start":{"line":96,"column":18},"end":{"line":104,"column":1}},"8":{"start":{"line":107,"column":10},"end":{"line":110,"column":3}},"9":{"start":{"line":112,"column":16},"end":{"line":127,"column":3}},"10":{"start":{"line":113,"column":4},"end":{"line":113,"column":55}},"11":{"start":{"line":115,"column":4},"end":{"line":124,"column":9}},"12":{"start":{"line":118,"column":8},"end":{"line":123,"column":11}},"13":{"start":{"line":120,"column":47},"end":{"line":120,"column":67}},"14":{"start":{"line":126,"column":4},"end":{"line":126,"column":56}},"15":{"start":{"line":156,"column":27},"end":{"line":170,"column":3}},"16":{"start":{"line":157,"column":4},"end":{"line":157,"column":55}},"17":{"start":{"line":159,"column":17},"end":{"line":162,"column":5}},"18":{"start":{"line":164,"column":4},"end":{"line":167,"column":34}},"19":{"start":{"line":166,"column":19},"end":{"line":166,"column":35}},"20":{"start":{"line":167,"column":18},"end":{"line":167,"column":32}},"21":{"start":{"line":169,"column":4},"end":{"line":169,"column":56}},"22":{"start":{"line":173,"column":4},"end":{"line":173,"column":23}},"23":{"start":{"line":174,"column":4},"end":{"line":174,"column":34}},"24":{"start":{"line":178,"column":22},"end":{"line":178,"column":32}},"25":{"start":{"line":180,"column":4},"end":{"line":308,"column":6}},"26":{"start":{"line":199,"column":38},"end":{"line":199,"column":64}},"27":{"start":{"line":200,"column":41},"end":{"line":200,"column":51}},"28":{"start":{"line":202,"column":22},"end":{"line":206,"column":24}},"29":{"start":{"line":209,"column":38},"end":{"line":209,"column":75}},"30":{"start":{"line":211,"column":22},"end":{"line":243,"column":24}},"31":{"start":{"line":237,"column":45},"end":{"line":237,"column":72}},"32":{"start":{"line":264,"column":36},"end":{"line":264,"column":56}},"33":{"start":{"line":266,"column":38},"end":{"line":266,"column":75}},"34":{"start":{"line":268,"column":22},"end":{"line":300,"column":24}},"35":{"start":{"line":294,"column":45},"end":{"line":294,"column":72}}},"fnMap":{"0":{"name":"(anonymous_0)","decl":{"start":{"line":112,"column":16},"end":{"line":112,"column":17}},"loc":{"start":{"line":112,"column":28},"end":{"line":127,"column":3}},"line":112},"1":{"name":"(anonymous_1)","decl":{"start":{"line":117,"column":12},"end":{"line":117,"column":13}},"loc":{"start":{"line":117,"column":19},"end":{"line":124,"column":7}},"line":117},"2":{"name":"(anonymous_2)","decl":{"start":{"line":120,"column":39},"end":{"line":120,"column":40}},"loc":{"start":{"line":120,"column":47},"end":{"line":120,"column":67}},"line":120},"3":{"name":"(anonymous_3)","decl":{"start":{"line":156,"column":27},"end":{"line":156,"column":28}},"loc":{"start":{"line":156,"column":39},"end":{"line":170,"column":3}},"line":156},"4":{"name":"(anonymous_4)","decl":{"start":{"line":166,"column":12},"end":{"line":166,"column":13}},"loc":{"start":{"line":166,"column":19},"end":{"line":166,"column":35}},"line":166},"5":{"name":"(anonymous_5)","decl":{"start":{"line":167,"column":13},"end":{"line":167,"column":14}},"loc":{"start":{"line":167,"column":18},"end":{"line":167,"column":32}},"line":167},"6":{"name":"(anonymous_6)","decl":{"start":{"line":172,"column":2},"end":{"line":172,"column":3}},"loc":{"start":{"line":172,"column":22},"end":{"line":175,"column":3}},"line":172},"7":{"name":"(anonymous_7)","decl":{"start":{"line":177,"column":2},"end":{"line":177,"column":3}},"loc":{"start":{"line":177,"column":11},"end":{"line":309,"column":3}},"line":177},"8":{"name":"(anonymous_8)","decl":{"start":{"line":198,"column":28},"end":{"line":198,"column":29}},"loc":{"start":{"line":198,"column":36},"end":{"line":207,"column":21}},"line":198},"9":{"name":"(anonymous_9)","decl":{"start":{"line":208,"column":25},"end":{"line":208,"column":26}},"loc":{"start":{"line":208,"column":33},"end":{"line":244,"column":21}},"line":208},"10":{"name":"(anonymous_10)","decl":{"start":{"line":237,"column":39},"end":{"line":237,"column":40}},"loc":{"start":{"line":237,"column":45},"end":{"line":237,"column":72}},"line":237},"11":{"name":"(anonymous_11)","decl":{"start":{"line":264,"column":28},"end":{"line":264,"column":29}},"loc":{"start":{"line":264,"column":36},"end":{"line":264,"column":56}},"line":264},"12":{"name":"(anonymous_12)","decl":{"start":{"line":265,"column":25},"end":{"line":265,"column":26}},"loc":{"start":{"line":265,"column":33},"end":{"line":301,"column":21}},"line":265},"13":{"name":"(anonymous_13)","decl":{"start":{"line":294,"column":39},"end":{"line":294,"column":40}},"loc":{"start":{"line":294,"column":45},"end":{"line":294,"column":72}},"line":294}},"branchMap":{"0":{"loc":{"start":{"line":186,"column":13},"end":{"line":247,"column":13}},"type":"cond-expr","locations":[{"start":{"line":187,"column":14},"end":{"line":187,"column":33}},{"start":{"line":189,"column":14},"end":{"line":246,"column":22}}],"line":186},"1":{"loc":{"start":{"line":203,"column":24},"end":{"line":205,"column":44}},"type":"binary-expr","locations":[{"start":{"line":203,"column":24},"end":{"line":204,"column":57}},{"start":{"line":205,"column":24},"end":{"line":205,"column":44}}],"line":203},"2":{"loc":{"start":{"line":252,"column":13},"end":{"line":304,"column":13}},"type":"cond-expr","locations":[{"start":{"line":253,"column":14},"end":{"line":253,"column":33}},{"start":{"line":255,"column":14},"end":{"line":303,"column":22}}],"line":252}},"s":{"0":2,"1":2,"2":2,"3":2,"4":2,"5":2,"6":2,"7":2,"8":3,"9":3,"10":3,"11":3,"12":3,"13":0,"14":3,"15":3,"16":3,"17":3,"18":3,"19":2,"20":1,"21":3,"22":3,"23":3,"24":15,"25":15,"26":10,"27":10,"28":10,"29":0,"30":0,"31":0,"32":10,"33":0,"34":0,"35":0},"f":{"0":3,"1":3,"2":0,"3":3,"4":2,"5":1,"6":3,"7":15,"8":10,"9":0,"10":0,"11":10,"12":0,"13":0},"b":{"0":[6,9],"1":[10,0],"2":[6,9]},"_coverageSchema":"43e27e138ebf9cfc5966b082cf9a028302ed4184","hash":"dafe27d4f6381015644c5d254e43c97b60d5e102"}
,"/Users/mantas/Personal/Personal/University/CS-Project/task-activity-planner/ma738/code/branches/master/task-activity-planner/client/src/components/User/Layout/Layout.js": {"path":"/Users/mantas/Personal/Personal/University/CS-Project/task-activity-planner/ma738/code/branches/master/task-activity-planner/client/src/components/User/Layout/Layout.js","statementMap":{"0":{"start":{"line":9,"column":16},"end":{"line":14,"column":1}},"1":{"start":{"line":16,"column":12},"end":{"line":21,"column":1}},"2":{"start":{"line":23,"column":15},"end":{"line":35,"column":1}},"3":{"start":{"line":24,"column":2},"end":{"line":34,"column":4}}},"fnMap":{"0":{"name":"(anonymous_0)","decl":{"start":{"line":23,"column":15},"end":{"line":23,"column":16}},"loc":{"start":{"line":23,"column":24},"end":{"line":35,"column":1}},"line":23}},"branchMap":{},"s":{"0":3,"1":3,"2":3,"3":4},"f":{"0":4},"b":{},"_coverageSchema":"43e27e138ebf9cfc5966b082cf9a028302ed4184","hash":"082e88bfce1b5a4b4a1382b4ddf24c776416e55b"}
,"/Users/mantas/Personal/Personal/University/CS-Project/task-activity-planner/ma738/code/branches/master/task-activity-planner/client/src/components/User/Mood/Mood.js": {"path":"/Users/mantas/Personal/Personal/University/CS-Project/task-activity-planner/ma738/code/branches/master/task-activity-planner/client/src/components/User/Mood/Mood.js","statementMap":{"0":{"start":{"line":16,"column":19},"end":{"line":26,"column":1}},"1":{"start":{"line":28,"column":14},"end":{"line":34,"column":1}},"2":{"start":{"line":36,"column":13},"end":{"line":39,"column":1}},"3":{"start":{"line":41,"column":18},"end":{"line":68,"column":1}},"4":{"start":{"line":64,"column":6},"end":{"line":66,"column":7}},"5":{"start":{"line":70,"column":14},"end":{"line":83,"column":1}},"6":{"start":{"line":85,"column":15},"end":{"line":142,"column":1}},"7":{"start":{"line":144,"column":13},"end":{"line":150,"column":1}},"8":{"start":{"line":152,"column":19},"end":{"line":160,"column":1}},"9":{"start":{"line":163,"column":10},"end":{"line":166,"column":3}},"10":{"start":{"line":168,"column":17},"end":{"line":201,"column":3}},"11":{"start":{"line":169,"column":4},"end":{"line":200,"column":5}},"12":{"start":{"line":170,"column":19},"end":{"line":175,"column":7}},"13":{"start":{"line":177,"column":6},"end":{"line":177,"column":26}},"14":{"start":{"line":179,"column":6},"end":{"line":186,"column":8}},"15":{"start":{"line":181,"column":10},"end":{"line":181,"column":32}},"16":{"start":{"line":184,"column":10},"end":{"line":184,"column":29}},"17":{"start":{"line":188,"column":6},"end":{"line":188,"column":27}},"18":{"start":{"line":189,"column":6},"end":{"line":192,"column":10}},"19":{"start":{"line":189,"column":34},"end":{"line":192,"column":7}},"20":{"start":{"line":194,"column":6},"end":{"line":194,"column":21}},"21":{"start":{"line":195,"column":6},"end":{"line":195,"column":27}},"22":{"start":{"line":196,"column":6},"end":{"line":199,"column":10}},"23":{"start":{"line":196,"column":34},"end":{"line":199,"column":7}},"24":{"start":{"line":204,"column":30},"end":{"line":204,"column":40}},"25":{"start":{"line":206,"column":4},"end":{"line":208,"column":5}},"26":{"start":{"line":207,"column":6},"end":{"line":207,"column":44}},"27":{"start":{"line":210,"column":23},"end":{"line":216,"column":6}},"28":{"start":{"line":217,"column":4},"end":{"line":363,"column":6}},"29":{"start":{"line":235,"column":16},"end":{"line":235,"column":21}},"30":{"start":{"line":237,"column":12},"end":{"line":359,"column":14}}},"fnMap":{"0":{"name":"(anonymous_0)","decl":{"start":{"line":63,"column":6},"end":{"line":63,"column":7}},"loc":{"start":{"line":64,"column":6},"end":{"line":66,"column":7}},"line":64},"1":{"name":"(anonymous_1)","decl":{"start":{"line":168,"column":17},"end":{"line":168,"column":18}},"loc":{"start":{"line":168,"column":54},"end":{"line":201,"column":3}},"line":168},"2":{"name":"(anonymous_2)","decl":{"start":{"line":180,"column":8},"end":{"line":180,"column":9}},"loc":{"start":{"line":180,"column":20},"end":{"line":182,"column":9}},"line":180},"3":{"name":"(anonymous_3)","decl":{"start":{"line":183,"column":8},"end":{"line":183,"column":9}},"loc":{"start":{"line":183,"column":17},"end":{"line":185,"column":9}},"line":183},"4":{"name":"(anonymous_4)","decl":{"start":{"line":189,"column":20},"end":{"line":189,"column":21}},"loc":{"start":{"line":189,"column":34},"end":{"line":192,"column":7}},"line":189},"5":{"name":"(anonymous_5)","decl":{"start":{"line":196,"column":20},"end":{"line":196,"column":21}},"loc":{"start":{"line":196,"column":34},"end":{"line":199,"column":7}},"line":196},"6":{"name":"(anonymous_6)","decl":{"start":{"line":203,"column":2},"end":{"line":203,"column":3}},"loc":{"start":{"line":203,"column":11},"end":{"line":364,"column":3}},"line":203},"7":{"name":"(anonymous_7)","decl":{"start":{"line":228,"column":11},"end":{"line":228,"column":12}},"loc":{"start":{"line":228,"column":20},"end":{"line":360,"column":11}},"line":228}},"branchMap":{"0":{"loc":{"start":{"line":64,"column":6},"end":{"line":66,"column":7}},"type":"binary-expr","locations":[{"start":{"line":64,"column":6},"end":{"line":64,"column":11}},{"start":{"line":64,"column":15},"end":{"line":66,"column":7}}],"line":64},"1":{"loc":{"start":{"line":174,"column":17},"end":{"line":174,"column":58}},"type":"cond-expr","locations":[{"start":{"line":174,"column":46},"end":{"line":174,"column":50}},{"start":{"line":174,"column":53},"end":{"line":174,"column":58}}],"line":174},"2":{"loc":{"start":{"line":206,"column":4},"end":{"line":208,"column":5}},"type":"if","locations":[{"start":{"line":206,"column":4},"end":{"line":208,"column":5}},{"start":{"line":206,"column":4},"end":{"line":208,"column":5}}],"line":206},"3":{"loc":{"start":{"line":240,"column":17},"end":{"line":357,"column":17}},"type":"cond-expr","locations":[{"start":{"line":241,"column":18},"end":{"line":241,"column":37}},{"start":{"line":243,"column":18},"end":{"line":356,"column":25}}],"line":240}},"s":{"0":2,"1":2,"2":2,"3":2,"4":6,"5":2,"6":2,"7":2,"8":2,"9":2,"10":2,"11":1,"12":1,"13":1,"14":1,"15":0,"16":1,"17":1,"18":1,"19":1,"20":1,"21":1,"22":1,"23":0,"24":3,"25":3,"26":1,"27":2,"28":2,"29":2,"30":2},"f":{"0":6,"1":1,"2":0,"3":1,"4":1,"5":0,"6":3,"7":2},"b":{"0":[6,0],"1":[0,1],"2":[1,2],"3":[0,2]},"_coverageSchema":"43e27e138ebf9cfc5966b082cf9a028302ed4184","hash":"7fcb108f781ba87a1b6492644c0d75f502356639"}
,"/Users/mantas/Personal/Personal/University/CS-Project/task-activity-planner/ma738/code/branches/master/task-activity-planner/client/src/components/User/Navigation/Navigation.js": {"path":"/Users/mantas/Personal/Personal/University/CS-Project/task-activity-planner/ma738/code/branches/master/task-activity-planner/client/src/components/User/Navigation/Navigation.js","statementMap":{"0":{"start":{"line":8,"column":12},"end":{"line":29,"column":1}},"1":{"start":{"line":31,"column":22},"end":{"line":33,"column":1}},"2":{"start":{"line":35,"column":16},"end":{"line":40,"column":1}},"3":{"start":{"line":42,"column":14},"end":{"line":62,"column":1}},"4":{"start":{"line":64,"column":13},"end":{"line":70,"column":1}},"5":{"start":{"line":72,"column":19},"end":{"line":121,"column":1}},"6":{"start":{"line":123,"column":17},"end":{"line":144,"column":1}},"7":{"start":{"line":146,"column":13},"end":{"line":179,"column":1}},"8":{"start":{"line":181,"column":17},"end":{"line":187,"column":1}},"9":{"start":{"line":189,"column":16},"end":{"line":191,"column":1}},"10":{"start":{"line":193,"column":19},"end":{"line":240,"column":1}},"11":{"start":{"line":194,"column":44},"end":{"line":194,"column":54}},"12":{"start":{"line":195,"column":2},"end":{"line":239,"column":4}},"13":{"start":{"line":232,"column":39},"end":{"line":232,"column":47}}},"fnMap":{"0":{"name":"(anonymous_0)","decl":{"start":{"line":193,"column":19},"end":{"line":193,"column":20}},"loc":{"start":{"line":193,"column":25},"end":{"line":240,"column":1}},"line":193},"1":{"name":"(anonymous_1)","decl":{"start":{"line":232,"column":33},"end":{"line":232,"column":34}},"loc":{"start":{"line":232,"column":39},"end":{"line":232,"column":47}},"line":232}},"branchMap":{"0":{"loc":{"start":{"line":203,"column":24},"end":{"line":203,"column":60}},"type":"binary-expr","locations":[{"start":{"line":203,"column":24},"end":{"line":203,"column":33}},{"start":{"line":203,"column":37},"end":{"line":203,"column":60}}],"line":203},"1":{"loc":{"start":{"line":231,"column":15},"end":{"line":233,"column":15}},"type":"binary-expr","locations":[{"start":{"line":231,"column":15},"end":{"line":231,"column":30}},{"start":{"line":232,"column":16},"end":{"line":232,"column":64}}],"line":231}},"s":{"0":4,"1":4,"2":4,"3":4,"4":4,"5":4,"6":4,"7":4,"8":4,"9":4,"10":4,"11":8,"12":8,"13":0},"f":{"0":8,"1":0},"b":{"0":[8,0],"1":[8,2]},"_coverageSchema":"43e27e138ebf9cfc5966b082cf9a028302ed4184","hash":"bb615403573715373dd74b03abd8684922db2e45"}
,"/Users/mantas/Personal/Personal/University/CS-Project/task-activity-planner/ma738/code/branches/master/task-activity-planner/client/src/components/User/SideNavigation/SideNavigation.js": {"path":"/Users/mantas/Personal/Personal/University/CS-Project/task-activity-planner/ma738/code/branches/master/task-activity-planner/client/src/components/User/SideNavigation/SideNavigation.js","statementMap":{"0":{"start":{"line":16,"column":19},"end":{"line":27,"column":1}},"1":{"start":{"line":29,"column":12},"end":{"line":50,"column":1}},"2":{"start":{"line":52,"column":13},"end":{"line":54,"column":1}},"3":{"start":{"line":56,"column":23},"end":{"line":96,"column":1}},"4":{"start":{"line":57,"column":2},"end":{"line":95,"column":4}}},"fnMap":{"0":{"name":"(anonymous_0)","decl":{"start":{"line":56,"column":23},"end":{"line":56,"column":24}},"loc":{"start":{"line":56,"column":29},"end":{"line":96,"column":1}},"line":56}},"branchMap":{},"s":{"0":4,"1":4,"2":4,"3":4,"4":9},"f":{"0":9},"b":{},"_coverageSchema":"43e27e138ebf9cfc5966b082cf9a028302ed4184","hash":"46c8a4016e91b471b6ed1110758aafc039f88b31"}
,"/Users/mantas/Personal/Personal/University/CS-Project/task-activity-planner/ma738/code/branches/master/task-activity-planner/client/src/components/User/Tasks/AddTaskForm.js": {"path":"/Users/mantas/Personal/Personal/University/CS-Project/task-activity-planner/ma738/code/branches/master/task-activity-planner/client/src/components/User/Tasks/AddTaskForm.js","statementMap":{"0":{"start":{"line":15,"column":19},"end":{"line":25,"column":1}},"1":{"start":{"line":27,"column":14},"end":{"line":33,"column":1}},"2":{"start":{"line":35,"column":13},"end":{"line":38,"column":1}},"3":{"start":{"line":40,"column":18},"end":{"line":67,"column":1}},"4":{"start":{"line":63,"column":6},"end":{"line":65,"column":7}},"5":{"start":{"line":69,"column":24},"end":{"line":90,"column":1}},"6":{"start":{"line":92,"column":14},"end":{"line":105,"column":1}},"7":{"start":{"line":107,"column":18},"end":{"line":120,"column":1}},"8":{"start":{"line":122,"column":15},"end":{"line":179,"column":1}},"9":{"start":{"line":182,"column":10},"end":{"line":184,"column":3}},"10":{"start":{"line":186,"column":17},"end":{"line":225,"column":3}},"11":{"start":{"line":187,"column":4},"end":{"line":224,"column":5}},"12":{"start":{"line":188,"column":29},"end":{"line":188,"column":39}},"13":{"start":{"line":189,"column":19},"end":{"line":199,"column":7}},"14":{"start":{"line":201,"column":6},"end":{"line":201,"column":26}},"15":{"start":{"line":203,"column":6},"end":{"line":210,"column":8}},"16":{"start":{"line":205,"column":10},"end":{"line":205,"column":32}},"17":{"start":{"line":208,"column":10},"end":{"line":208,"column":29}},"18":{"start":{"line":212,"column":6},"end":{"line":212,"column":27}},"19":{"start":{"line":213,"column":6},"end":{"line":216,"column":10}},"20":{"start":{"line":213,"column":34},"end":{"line":216,"column":7}},"21":{"start":{"line":218,"column":6},"end":{"line":218,"column":21}},"22":{"start":{"line":219,"column":6},"end":{"line":219,"column":27}},"23":{"start":{"line":220,"column":6},"end":{"line":223,"column":10}},"24":{"start":{"line":220,"column":34},"end":{"line":223,"column":7}},"25":{"start":{"line":228,"column":30},"end":{"line":228,"column":40}},"26":{"start":{"line":230,"column":4},"end":{"line":232,"column":5}},"27":{"start":{"line":231,"column":6},"end":{"line":231,"column":44}},"28":{"start":{"line":235,"column":22},"end":{"line":235,"column":32}},"29":{"start":{"line":236,"column":21},"end":{"line":236,"column":31}},"30":{"start":{"line":237,"column":4},"end":{"line":237,"column":51}},"31":{"start":{"line":238,"column":4},"end":{"line":238,"column":45}},"32":{"start":{"line":240,"column":23},"end":{"line":257,"column":6}},"33":{"start":{"line":258,"column":4},"end":{"line":400,"column":6}},"34":{"start":{"line":282,"column":16},"end":{"line":282,"column":21}},"35":{"start":{"line":284,"column":12},"end":{"line":396,"column":14}},"36":{"start":{"line":326,"column":24},"end":{"line":326,"column":70}}},"fnMap":{"0":{"name":"(anonymous_0)","decl":{"start":{"line":62,"column":6},"end":{"line":62,"column":7}},"loc":{"start":{"line":63,"column":6},"end":{"line":65,"column":7}},"line":63},"1":{"name":"(anonymous_1)","decl":{"start":{"line":186,"column":17},"end":{"line":186,"column":18}},"loc":{"start":{"line":186,"column":54},"end":{"line":225,"column":3}},"line":186},"2":{"name":"(anonymous_2)","decl":{"start":{"line":204,"column":8},"end":{"line":204,"column":9}},"loc":{"start":{"line":204,"column":20},"end":{"line":206,"column":9}},"line":204},"3":{"name":"(anonymous_3)","decl":{"start":{"line":207,"column":8},"end":{"line":207,"column":9}},"loc":{"start":{"line":207,"column":17},"end":{"line":209,"column":9}},"line":207},"4":{"name":"(anonymous_4)","decl":{"start":{"line":213,"column":20},"end":{"line":213,"column":21}},"loc":{"start":{"line":213,"column":34},"end":{"line":216,"column":7}},"line":213},"5":{"name":"(anonymous_5)","decl":{"start":{"line":220,"column":20},"end":{"line":220,"column":21}},"loc":{"start":{"line":220,"column":34},"end":{"line":223,"column":7}},"line":220},"6":{"name":"(anonymous_6)","decl":{"start":{"line":227,"column":2},"end":{"line":227,"column":3}},"loc":{"start":{"line":227,"column":11},"end":{"line":401,"column":3}},"line":227},"7":{"name":"(anonymous_7)","decl":{"start":{"line":274,"column":11},"end":{"line":274,"column":12}},"loc":{"start":{"line":274,"column":20},"end":{"line":397,"column":11}},"line":274},"8":{"name":"(anonymous_8)","decl":{"start":{"line":325,"column":32},"end":{"line":325,"column":33}},"loc":{"start":{"line":326,"column":24},"end":{"line":326,"column":70}},"line":326}},"branchMap":{"0":{"loc":{"start":{"line":63,"column":6},"end":{"line":65,"column":7}},"type":"binary-expr","locations":[{"start":{"line":63,"column":6},"end":{"line":63,"column":11}},{"start":{"line":63,"column":15},"end":{"line":65,"column":7}}],"line":63},"1":{"loc":{"start":{"line":230,"column":4},"end":{"line":232,"column":5}},"type":"if","locations":[{"start":{"line":230,"column":4},"end":{"line":232,"column":5}},{"start":{"line":230,"column":4},"end":{"line":232,"column":5}}],"line":230}},"s":{"0":2,"1":2,"2":2,"3":2,"4":8,"5":2,"6":2,"7":2,"8":2,"9":2,"10":2,"11":1,"12":1,"13":1,"14":1,"15":1,"16":0,"17":1,"18":1,"19":1,"20":1,"21":1,"22":1,"23":1,"24":0,"25":3,"26":3,"27":1,"28":2,"29":2,"30":2,"31":2,"32":2,"33":2,"34":2,"35":2,"36":0},"f":{"0":8,"1":1,"2":0,"3":1,"4":1,"5":0,"6":3,"7":2,"8":0},"b":{"0":[8,0],"1":[1,2]},"_coverageSchema":"43e27e138ebf9cfc5966b082cf9a028302ed4184","hash":"2d984b713ff279203296ca8c8103a9aaa53f4896"}
,"/Users/mantas/Personal/Personal/University/CS-Project/task-activity-planner/ma738/code/branches/master/task-activity-planner/client/src/components/User/Tasks/AllTasks.js": {"path":"/Users/mantas/Personal/Personal/University/CS-Project/task-activity-planner/ma738/code/branches/master/task-activity-planner/client/src/components/User/Tasks/AllTasks.js","statementMap":{"0":{"start":{"line":14,"column":14},"end":{"line":22,"column":1}},"1":{"start":{"line":24,"column":18},"end":{"line":31,"column":1}},"2":{"start":{"line":33,"column":20},"end":{"line":48,"column":1}},"3":{"start":{"line":50,"column":21},"end":{"line":66,"column":1}},"4":{"start":{"line":68,"column":20},"end":{"line":82,"column":1}},"5":{"start":{"line":84,"column":17},"end":{"line":86,"column":1}},"6":{"start":{"line":89,"column":10},"end":{"line":92,"column":3}},"7":{"start":{"line":135,"column":4},"end":{"line":135,"column":23}},"8":{"start":{"line":139,"column":22},"end":{"line":139,"column":32}},"9":{"start":{"line":141,"column":4},"end":{"line":203,"column":6}},"10":{"start":{"line":159,"column":32},"end":{"line":159,"column":52}},"11":{"start":{"line":161,"column":34},"end":{"line":161,"column":71}},"12":{"start":{"line":163,"column":18},"end":{"line":197,"column":20}},"13":{"start":{"line":191,"column":41},"end":{"line":191,"column":68}}},"fnMap":{"0":{"name":"(anonymous_0)","decl":{"start":{"line":134,"column":2},"end":{"line":134,"column":3}},"loc":{"start":{"line":134,"column":22},"end":{"line":136,"column":3}},"line":134},"1":{"name":"(anonymous_1)","decl":{"start":{"line":138,"column":2},"end":{"line":138,"column":3}},"loc":{"start":{"line":138,"column":11},"end":{"line":204,"column":3}},"line":138},"2":{"name":"(anonymous_2)","decl":{"start":{"line":159,"column":24},"end":{"line":159,"column":25}},"loc":{"start":{"line":159,"column":32},"end":{"line":159,"column":52}},"line":159},"3":{"name":"(anonymous_3)","decl":{"start":{"line":160,"column":21},"end":{"line":160,"column":22}},"loc":{"start":{"line":160,"column":29},"end":{"line":198,"column":17}},"line":160},"4":{"name":"(anonymous_4)","decl":{"start":{"line":191,"column":35},"end":{"line":191,"column":36}},"loc":{"start":{"line":191,"column":41},"end":{"line":191,"column":68}},"line":191}},"branchMap":{"0":{"loc":{"start":{"line":145,"column":9},"end":{"line":201,"column":9}},"type":"cond-expr","locations":[{"start":{"line":146,"column":10},"end":{"line":146,"column":29}},{"start":{"line":148,"column":10},"end":{"line":200,"column":18}}],"line":145}},"s":{"0":2,"1":2,"2":2,"3":2,"4":2,"5":2,"6":1,"7":0,"8":1,"9":1,"10":0,"11":0,"12":0,"13":0},"f":{"0":0,"1":1,"2":0,"3":0,"4":0},"b":{"0":[0,1]},"_coverageSchema":"43e27e138ebf9cfc5966b082cf9a028302ed4184","hash":"ca9b951bb111ad7e8f60bc49deb99f9d88fe9743"}
,"/Users/mantas/Personal/Personal/University/CS-Project/task-activity-planner/ma738/code/branches/master/task-activity-planner/client/src/components/User/Tasks/EditTask.js": {"path":"/Users/mantas/Personal/Personal/University/CS-Project/task-activity-planner/ma738/code/branches/master/task-activity-planner/client/src/components/User/Tasks/EditTask.js","statementMap":{"0":{"start":{"line":16,"column":19},"end":{"line":26,"column":1}},"1":{"start":{"line":28,"column":14},"end":{"line":34,"column":1}},"2":{"start":{"line":36,"column":13},"end":{"line":39,"column":1}},"3":{"start":{"line":41,"column":18},"end":{"line":68,"column":1}},"4":{"start":{"line":64,"column":6},"end":{"line":66,"column":7}},"5":{"start":{"line":70,"column":24},"end":{"line":91,"column":1}},"6":{"start":{"line":93,"column":14},"end":{"line":106,"column":1}},"7":{"start":{"line":108,"column":18},"end":{"line":121,"column":1}},"8":{"start":{"line":123,"column":15},"end":{"line":180,"column":1}},"9":{"start":{"line":183,"column":10},"end":{"line":185,"column":3}},"10":{"start":{"line":234,"column":31},"end":{"line":234,"column":41}},"11":{"start":{"line":236,"column":4},"end":{"line":238,"column":5}},"12":{"start":{"line":237,"column":6},"end":{"line":237,"column":44}},"13":{"start":{"line":241,"column":22},"end":{"line":241,"column":32}},"14":{"start":{"line":242,"column":4},"end":{"line":242,"column":51}},"15":{"start":{"line":244,"column":23},"end":{"line":262,"column":6}},"16":{"start":{"line":264,"column":21},"end":{"line":264,"column":46}},"17":{"start":{"line":266,"column":4},"end":{"line":408,"column":6}},"18":{"start":{"line":291,"column":18},"end":{"line":291,"column":23}},"19":{"start":{"line":293,"column":14},"end":{"line":403,"column":16}},"20":{"start":{"line":335,"column":26},"end":{"line":335,"column":72}}},"fnMap":{"0":{"name":"(anonymous_0)","decl":{"start":{"line":63,"column":6},"end":{"line":63,"column":7}},"loc":{"start":{"line":64,"column":6},"end":{"line":66,"column":7}},"line":64},"1":{"name":"(anonymous_1)","decl":{"start":{"line":233,"column":2},"end":{"line":233,"column":3}},"loc":{"start":{"line":233,"column":11},"end":{"line":409,"column":3}},"line":233},"2":{"name":"(anonymous_2)","decl":{"start":{"line":283,"column":13},"end":{"line":283,"column":14}},"loc":{"start":{"line":283,"column":22},"end":{"line":404,"column":13}},"line":283},"3":{"name":"(anonymous_3)","decl":{"start":{"line":334,"column":34},"end":{"line":334,"column":35}},"loc":{"start":{"line":335,"column":26},"end":{"line":335,"column":72}},"line":335}},"branchMap":{"0":{"loc":{"start":{"line":64,"column":6},"end":{"line":66,"column":7}},"type":"binary-expr","locations":[{"start":{"line":64,"column":6},"end":{"line":64,"column":11}},{"start":{"line":64,"column":15},"end":{"line":66,"column":7}}],"line":64},"1":{"loc":{"start":{"line":236,"column":4},"end":{"line":238,"column":5}},"type":"if","locations":[{"start":{"line":236,"column":4},"end":{"line":238,"column":5}},{"start":{"line":236,"column":4},"end":{"line":238,"column":5}}],"line":236}},"s":{"0":2,"1":2,"2":2,"3":2,"4":8,"5":2,"6":2,"7":2,"8":2,"9":2,"10":2,"11":2,"12":0,"13":2,"14":2,"15":2,"16":2,"17":2,"18":2,"19":2,"20":0},"f":{"0":8,"1":2,"2":2,"3":0},"b":{"0":[8,0],"1":[0,2]},"_coverageSchema":"43e27e138ebf9cfc5966b082cf9a028302ed4184","hash":"8dd904c02a646d86e84336212751c835ba3f228c"}
,"/Users/mantas/Personal/Personal/University/CS-Project/task-activity-planner/ma738/code/branches/master/task-activity-planner/client/src/components/shared/Button.js": {"path":"/Users/mantas/Personal/Personal/University/CS-Project/task-activity-planner/ma738/code/branches/master/task-activity-planner/client/src/components/shared/Button.js","statementMap":{"0":{"start":{"line":5,"column":21},"end":{"line":19,"column":1}},"1":{"start":{"line":21,"column":15},"end":{"line":27,"column":1}},"2":{"start":{"line":22,"column":2},"end":{"line":26,"column":4}}},"fnMap":{"0":{"name":"(anonymous_0)","decl":{"start":{"line":21,"column":15},"end":{"line":21,"column":16}},"loc":{"start":{"line":21,"column":30},"end":{"line":27,"column":1}},"line":21}},"branchMap":{},"s":{"0":3,"1":3,"2":2},"f":{"0":2},"b":{},"_coverageSchema":"43e27e138ebf9cfc5966b082cf9a028302ed4184","hash":"c2732f76c127f88a82be14f53532fad65e5bc9b8"}
,"/Users/mantas/Personal/Personal/University/CS-Project/task-activity-planner/ma738/code/branches/master/task-activity-planner/client/src/components/shared/Checkbox.js": {"path":"/Users/mantas/Personal/Personal/University/CS-Project/task-activity-planner/ma738/code/branches/master/task-activity-planner/client/src/components/shared/Checkbox.js","statementMap":{"0":{"start":{"line":7,"column":23},"end":{"line":9,"column":1}},"1":{"start":{"line":11,"column":23},"end":{"line":21,"column":1}},"2":{"start":{"line":25,"column":4},"end":{"line":25,"column":17}},"3":{"start":{"line":27,"column":4},"end":{"line":27,"column":49}},"4":{"start":{"line":29,"column":10},"end":{"line":31,"column":3}},"5":{"start":{"line":33,"column":15},"end":{"line":66,"column":3}},"6":{"start":{"line":34,"column":4},"end":{"line":65,"column":5}},"7":{"start":{"line":35,"column":29},"end":{"line":35,"column":39}},"8":{"start":{"line":36,"column":19},"end":{"line":39,"column":7}},"9":{"start":{"line":41,"column":6},"end":{"line":50,"column":10}},"10":{"start":{"line":45,"column":12},"end":{"line":45,"column":34}},"11":{"start":{"line":48,"column":12},"end":{"line":48,"column":31}},"12":{"start":{"line":52,"column":6},"end":{"line":55,"column":10}},"13":{"start":{"line":52,"column":34},"end":{"line":55,"column":7}},"14":{"start":{"line":56,"column":6},"end":{"line":56,"column":30}},"15":{"start":{"line":57,"column":6},"end":{"line":57,"column":34}},"16":{"start":{"line":59,"column":6},"end":{"line":59,"column":21}},"17":{"start":{"line":61,"column":6},"end":{"line":64,"column":10}},"18":{"start":{"line":61,"column":34},"end":{"line":64,"column":7}},"19":{"start":{"line":69,"column":4},"end":{"line":77,"column":6}}},"fnMap":{"0":{"name":"(anonymous_0)","decl":{"start":{"line":24,"column":2},"end":{"line":24,"column":3}},"loc":{"start":{"line":24,"column":21},"end":{"line":28,"column":3}},"line":24},"1":{"name":"(anonymous_1)","decl":{"start":{"line":33,"column":15},"end":{"line":33,"column":16}},"loc":{"start":{"line":33,"column":27},"end":{"line":66,"column":3}},"line":33},"2":{"name":"(anonymous_2)","decl":{"start":{"line":44,"column":10},"end":{"line":44,"column":11}},"loc":{"start":{"line":44,"column":22},"end":{"line":46,"column":11}},"line":44},"3":{"name":"(anonymous_3)","decl":{"start":{"line":47,"column":10},"end":{"line":47,"column":11}},"loc":{"start":{"line":47,"column":19},"end":{"line":49,"column":11}},"line":47},"4":{"name":"(anonymous_4)","decl":{"start":{"line":52,"column":20},"end":{"line":52,"column":21}},"loc":{"start":{"line":52,"column":34},"end":{"line":55,"column":7}},"line":52},"5":{"name":"(anonymous_5)","decl":{"start":{"line":61,"column":20},"end":{"line":61,"column":21}},"loc":{"start":{"line":61,"column":34},"end":{"line":64,"column":7}},"line":61},"6":{"name":"(anonymous_6)","decl":{"start":{"line":68,"column":2},"end":{"line":68,"column":3}},"loc":{"start":{"line":68,"column":11},"end":{"line":78,"column":3}},"line":68}},"branchMap":{},"s":{"0":4,"1":4,"2":3,"3":3,"4":3,"5":3,"6":2,"7":2,"8":2,"9":2,"10":1,"11":1,"12":2,"13":2,"14":2,"15":2,"16":1,"17":1,"18":1,"19":6},"f":{"0":3,"1":2,"2":1,"3":1,"4":2,"5":1,"6":6},"b":{},"_coverageSchema":"43e27e138ebf9cfc5966b082cf9a028302ed4184","hash":"25c6c148cf938d9ee10dcebb50168c0c0033f0d7"}
,"/Users/mantas/Personal/Personal/University/CS-Project/task-activity-planner/ma738/code/branches/master/task-activity-planner/client/src/components/shared/Theme/Theme.js": {"path":"/Users/mantas/Personal/Personal/University/CS-Project/task-activity-planner/ma738/code/branches/master/task-activity-planner/client/src/components/shared/Theme/Theme.js","statementMap":{"0":{"start":{"line":1,"column":14},"end":{"line":23,"column":1}}},"fnMap":{},"branchMap":{},"s":{"0":15},"f":{},"b":{},"_coverageSchema":"43e27e138ebf9cfc5966b082cf9a028302ed4184","hash":"c4b781fd262345958ee11bf4eaee43c6a2c14786"}
,"/Users/mantas/Personal/Personal/University/CS-Project/task-activity-planner/ma738/code/branches/master/task-activity-planner/client/src/utils/history.js": {"path":"/Users/mantas/Personal/Personal/University/CS-Project/task-activity-planner/ma738/code/branches/master/task-activity-planner/client/src/utils/history.js","statementMap":{},"fnMap":{},"branchMap":{},"s":{},"f":{},"b":{},"hash":"795eec508ec008d2126c5eef7a490460822ac880"}
}
