{"/Users/mantas/Personal/Personal/University/CS-Project/task-activity-planner/ma738/code/branches/master/task-activity-planner/client/src/App.js": {"path":"/Users/mantas/Personal/Personal/University/CS-Project/task-activity-planner/ma738/code/branches/master/task-activity-planner/client/src/App.js","statementMap":{"0":{"start":{"line":17,"column":45},"end":{"line":17,"column":55}},"1":{"start":{"line":24,"column":2},"end":{"line":75,"column":4}}},"fnMap":{"0":{"name":"App","decl":{"start":{"line":16,"column":9},"end":{"line":16,"column":12}},"loc":{"start":{"line":16,"column":15},"end":{"line":76,"column":1}},"line":16}},"branchMap":{"0":{"loc":{"start":{"line":29,"column":13},"end":{"line":35,"column":13}},"type":"cond-expr","locations":[{"start":{"line":30,"column":14},"end":{"line":32,"column":23}},{"start":{"line":34,"column":14},"end":{"line":34,"column":37}}],"line":29},"1":{"loc":{"start":{"line":38,"column":13},"end":{"line":44,"column":13}},"type":"cond-expr","locations":[{"start":{"line":39,"column":14},"end":{"line":41,"column":23}},{"start":{"line":43,"column":14},"end":{"line":43,"column":37}}],"line":38},"2":{"loc":{"start":{"line":46,"column":11},"end":{"line":48,"column":11}},"type":"binary-expr","locations":[{"start":{"line":46,"column":11},"end":{"line":46,"column":26}},{"start":{"line":47,"column":12},"end":{"line":47,"column":67}}],"line":46},"3":{"loc":{"start":{"line":50,"column":13},"end":{"line":56,"column":13}},"type":"cond-expr","locations":[{"start":{"line":51,"column":14},"end":{"line":53,"column":23}},{"start":{"line":55,"column":14},"end":{"line":55,"column":37}}],"line":50},"4":{"loc":{"start":{"line":59,"column":13},"end":{"line":65,"column":13}},"type":"cond-expr","locations":[{"start":{"line":60,"column":14},"end":{"line":62,"column":23}},{"start":{"line":64,"column":14},"end":{"line":64,"column":37}}],"line":59}},"s":{"0":1,"1":1},"f":{"0":1},"b":{"0":[0,1],"1":[0,1],"2":[1,0],"3":[0,1],"4":[0,1]},"_coverageSchema":"43e27e138ebf9cfc5966b082cf9a028302ed4184","hash":"104b20942bb22f6ebb0789d21a20673752a1c71b"}
,"/Users/mantas/Personal/Personal/University/CS-Project/task-activity-planner/ma738/code/branches/master/task-activity-planner/client/src/components/Cover/Cover.js": {"path":"/Users/mantas/Personal/Personal/University/CS-Project/task-activity-planner/ma738/code/branches/master/task-activity-planner/client/src/components/Cover/Cover.js","statementMap":{"0":{"start":{"line":10,"column":16},"end":{"line":57,"column":1}},"1":{"start":{"line":59,"column":14},"end":{"line":61,"column":1}},"2":{"start":{"line":63,"column":17},"end":{"line":68,"column":1}},"3":{"start":{"line":70,"column":14},"end":{"line":88,"column":1}},"4":{"start":{"line":71,"column":30},"end":{"line":71,"column":40}},"5":{"start":{"line":73,"column":2},"end":{"line":87,"column":4}}},"fnMap":{"0":{"name":"(anonymous_0)","decl":{"start":{"line":70,"column":14},"end":{"line":70,"column":15}},"loc":{"start":{"line":70,"column":20},"end":{"line":88,"column":1}},"line":70}},"branchMap":{"0":{"loc":{"start":{"line":79,"column":7},"end":{"line":85,"column":7}},"type":"binary-expr","locations":[{"start":{"line":79,"column":7},"end":{"line":79,"column":22}},{"start":{"line":80,"column":8},"end":{"line":84,"column":15}}],"line":79}},"s":{"0":2,"1":2,"2":2,"3":2,"4":3,"5":3},"f":{"0":3},"b":{"0":[3,0]},"_coverageSchema":"43e27e138ebf9cfc5966b082cf9a028302ed4184","hash":"5ab284e774d97076c44df24680e4e21805b474b8"}
,"/Users/mantas/Personal/Personal/University/CS-Project/task-activity-planner/ma738/code/branches/master/task-activity-planner/client/src/components/Error/Error.js": {"path":"/Users/mantas/Personal/Personal/University/CS-Project/task-activity-planner/ma738/code/branches/master/task-activity-planner/client/src/components/Error/Error.js","statementMap":{"0":{"start":{"line":6,"column":16},"end":{"line":53,"column":1}},"1":{"start":{"line":55,"column":14},"end":{"line":55,"column":25}},"2":{"start":{"line":57,"column":17},"end":{"line":62,"column":1}},"3":{"start":{"line":64,"column":14},"end":{"line":88,"column":1}},"4":{"start":{"line":65,"column":2},"end":{"line":87,"column":4}}},"fnMap":{"0":{"name":"(anonymous_0)","decl":{"start":{"line":64,"column":14},"end":{"line":64,"column":15}},"loc":{"start":{"line":64,"column":31},"end":{"line":88,"column":1}},"line":64}},"branchMap":{"0":{"loc":{"start":{"line":69,"column":11},"end":{"line":83,"column":11}},"type":"cond-expr","locations":[{"start":{"line":70,"column":12},"end":{"line":75,"column":15}},{"start":{"line":77,"column":12},"end":{"line":82,"column":15}}],"line":69}},"s":{"0":2,"1":2,"2":2,"3":2,"4":2},"f":{"0":2},"b":{"0":[1,1]},"_coverageSchema":"43e27e138ebf9cfc5966b082cf9a028302ed4184","hash":"90ea157390dd9586353349b634797cdccc2a6397"}
,"/Users/mantas/Personal/Personal/University/CS-Project/task-activity-planner/ma738/code/branches/master/task-activity-planner/client/src/components/Layout/Layout.js": {"path":"/Users/mantas/Personal/Personal/University/CS-Project/task-activity-planner/ma738/code/branches/master/task-activity-planner/client/src/components/Layout/Layout.js","statementMap":{"0":{"start":{"line":9,"column":18},"end":{"line":24,"column":3}},"1":{"start":{"line":9,"column":39},"end":{"line":24,"column":1}},"2":{"start":{"line":26,"column":15},"end":{"line":42,"column":1}},"3":{"start":{"line":27,"column":18},"end":{"line":27,"column":29}},"4":{"start":{"line":29,"column":2},"end":{"line":41,"column":4}}},"fnMap":{"0":{"name":"(anonymous_0)","decl":{"start":{"line":9,"column":29},"end":{"line":9,"column":30}},"loc":{"start":{"line":9,"column":39},"end":{"line":24,"column":1}},"line":9},"1":{"name":"(anonymous_1)","decl":{"start":{"line":26,"column":15},"end":{"line":26,"column":16}},"loc":{"start":{"line":26,"column":24},"end":{"line":42,"column":1}},"line":26}},"branchMap":{},"s":{"0":4,"1":6,"2":4,"3":6,"4":6},"f":{"0":6,"1":6},"b":{},"_coverageSchema":"43e27e138ebf9cfc5966b082cf9a028302ed4184","hash":"acf18537419bea2bb78624e0bfc490b4e7613de3"}
,"/Users/mantas/Personal/Personal/University/CS-Project/task-activity-planner/ma738/code/branches/master/task-activity-planner/client/src/components/Navigation/Navigation.js": {"path":"/Users/mantas/Personal/Personal/University/CS-Project/task-activity-planner/ma738/code/branches/master/task-activity-planner/client/src/components/Navigation/Navigation.js","statementMap":{"0":{"start":{"line":33,"column":20},"end":{"line":33,"column":23}},"1":{"start":{"line":35,"column":18},"end":{"line":112,"column":3}},"2":{"start":{"line":35,"column":39},"end":{"line":112,"column":1}},"3":{"start":{"line":114,"column":19},"end":{"line":296,"column":1}},"4":{"start":{"line":115,"column":57},"end":{"line":115,"column":67}},"5":{"start":{"line":116,"column":18},"end":{"line":116,"column":29}},"6":{"start":{"line":118,"column":26},"end":{"line":118,"column":41}},"7":{"start":{"line":119,"column":34},"end":{"line":119,"column":48}},"8":{"start":{"line":121,"column":23},"end":{"line":121,"column":40}},"9":{"start":{"line":123,"column":25},"end":{"line":125,"column":3}},"10":{"start":{"line":124,"column":4},"end":{"line":124,"column":37}},"11":{"start":{"line":127,"column":30},"end":{"line":129,"column":3}},"12":{"start":{"line":128,"column":4},"end":{"line":128,"column":22}},"13":{"start":{"line":131,"column":27},"end":{"line":133,"column":3}},"14":{"start":{"line":132,"column":4},"end":{"line":132,"column":18}},"15":{"start":{"line":135,"column":28},"end":{"line":137,"column":3}},"16":{"start":{"line":136,"column":4},"end":{"line":136,"column":19}},"17":{"start":{"line":139,"column":2},"end":{"line":295,"column":4}},"18":{"start":{"line":172,"column":53},"end":{"line":172,"column":74}},"19":{"start":{"line":200,"column":41},"end":{"line":200,"column":49}}},"fnMap":{"0":{"name":"(anonymous_0)","decl":{"start":{"line":35,"column":29},"end":{"line":35,"column":30}},"loc":{"start":{"line":35,"column":39},"end":{"line":112,"column":1}},"line":35},"1":{"name":"(anonymous_1)","decl":{"start":{"line":114,"column":19},"end":{"line":114,"column":20}},"loc":{"start":{"line":114,"column":25},"end":{"line":296,"column":1}},"line":114},"2":{"name":"(anonymous_2)","decl":{"start":{"line":123,"column":25},"end":{"line":123,"column":26}},"loc":{"start":{"line":123,"column":34},"end":{"line":125,"column":3}},"line":123},"3":{"name":"(anonymous_3)","decl":{"start":{"line":127,"column":30},"end":{"line":127,"column":31}},"loc":{"start":{"line":127,"column":36},"end":{"line":129,"column":3}},"line":127},"4":{"name":"(anonymous_4)","decl":{"start":{"line":131,"column":27},"end":{"line":131,"column":28}},"loc":{"start":{"line":131,"column":33},"end":{"line":133,"column":3}},"line":131},"5":{"name":"(anonymous_5)","decl":{"start":{"line":135,"column":28},"end":{"line":135,"column":29}},"loc":{"start":{"line":135,"column":34},"end":{"line":137,"column":3}},"line":135},"6":{"name":"(anonymous_6)","decl":{"start":{"line":172,"column":47},"end":{"line":172,"column":48}},"loc":{"start":{"line":172,"column":53},"end":{"line":172,"column":74}},"line":172},"7":{"name":"(anonymous_7)","decl":{"start":{"line":200,"column":35},"end":{"line":200,"column":36}},"loc":{"start":{"line":200,"column":41},"end":{"line":200,"column":49}},"line":200}},"branchMap":{"0":{"loc":{"start":{"line":151,"column":11},"end":{"line":163,"column":11}},"type":"binary-expr","locations":[{"start":{"line":151,"column":11},"end":{"line":151,"column":26}},{"start":{"line":152,"column":12},"end":{"line":162,"column":25}}],"line":151},"1":{"loc":{"start":{"line":169,"column":11},"end":{"line":177,"column":11}},"type":"binary-expr","locations":[{"start":{"line":169,"column":11},"end":{"line":169,"column":27}}],"line":169},"2":{"loc":{"start":{"line":179,"column":11},"end":{"line":203,"column":11}},"type":"binary-expr","locations":[{"start":{"line":179,"column":11},"end":{"line":179,"column":26}},{"start":{"line":180,"column":12},"end":{"line":202,"column":18}}],"line":179},"3":{"loc":{"start":{"line":206,"column":7},"end":{"line":293,"column":7}},"type":"binary-expr","locations":[{"start":{"line":206,"column":7},"end":{"line":206,"column":22}},{"start":{"line":207,"column":8},"end":{"line":292,"column":17}}],"line":206},"4":{"loc":{"start":{"line":222,"column":15},"end":{"line":222,"column":58}},"type":"cond-expr","locations":[{"start":{"line":222,"column":32},"end":{"line":222,"column":36}},{"start":{"line":222,"column":39},"end":{"line":222,"column":58}}],"line":222}},"s":{"0":5,"1":5,"2":9,"3":5,"4":9,"5":9,"6":9,"7":9,"8":9,"9":9,"10":0,"11":9,"12":0,"13":9,"14":0,"15":9,"16":0,"17":9,"18":0,"19":0},"f":{"0":9,"1":9,"2":0,"3":0,"4":0,"5":0,"6":0,"7":0},"b":{"0":[9,3],"1":[9],"2":[9,3],"3":[9,3],"4":[3,0]},"_coverageSchema":"43e27e138ebf9cfc5966b082cf9a028302ed4184","hash":"d24e60a866236cc6cae74b97ed8a31bee9877668"}
,"/Users/mantas/Personal/Personal/University/CS-Project/task-activity-planner/ma738/code/branches/master/task-activity-planner/client/src/components/User/Home/Home.js": {"path":"/Users/mantas/Personal/Personal/University/CS-Project/task-activity-planner/ma738/code/branches/master/task-activity-planner/client/src/components/User/Home/Home.js","statementMap":{"0":{"start":{"line":14,"column":14},"end":{"line":22,"column":1}},"1":{"start":{"line":24,"column":18},"end":{"line":31,"column":1}},"2":{"start":{"line":33,"column":20},"end":{"line":48,"column":1}},"3":{"start":{"line":50,"column":21},"end":{"line":65,"column":1}},"4":{"start":{"line":67,"column":20},"end":{"line":81,"column":1}},"5":{"start":{"line":83,"column":17},"end":{"line":85,"column":1}},"6":{"start":{"line":87,"column":15},"end":{"line":94,"column":1}},"7":{"start":{"line":96,"column":18},"end":{"line":104,"column":1}},"8":{"start":{"line":107,"column":10},"end":{"line":110,"column":3}},"9":{"start":{"line":112,"column":16},"end":{"line":127,"column":3}},"10":{"start":{"line":113,"column":4},"end":{"line":113,"column":55}},"11":{"start":{"line":115,"column":4},"end":{"line":124,"column":9}},"12":{"start":{"line":118,"column":8},"end":{"line":123,"column":11}},"13":{"start":{"line":120,"column":47},"end":{"line":120,"column":67}},"14":{"start":{"line":126,"column":4},"end":{"line":126,"column":56}},"15":{"start":{"line":156,"column":27},"end":{"line":170,"column":3}},"16":{"start":{"line":157,"column":4},"end":{"line":157,"column":55}},"17":{"start":{"line":159,"column":17},"end":{"line":162,"column":5}},"18":{"start":{"line":164,"column":4},"end":{"line":167,"column":34}},"19":{"start":{"line":166,"column":19},"end":{"line":166,"column":35}},"20":{"start":{"line":167,"column":18},"end":{"line":167,"column":32}},"21":{"start":{"line":169,"column":4},"end":{"line":169,"column":56}},"22":{"start":{"line":173,"column":4},"end":{"line":173,"column":23}},"23":{"start":{"line":174,"column":4},"end":{"line":174,"column":34}},"24":{"start":{"line":178,"column":22},"end":{"line":178,"column":32}},"25":{"start":{"line":180,"column":4},"end":{"line":315,"column":6}},"26":{"start":{"line":199,"column":38},"end":{"line":199,"column":72}},"27":{"start":{"line":200,"column":39},"end":{"line":200,"column":73}},"28":{"start":{"line":202,"column":22},"end":{"line":203,"column":37}},"29":{"start":{"line":202,"column":46},"end":{"line":202,"column":55}},"30":{"start":{"line":203,"column":27},"end":{"line":203,"column":37}},"31":{"start":{"line":206,"column":38},"end":{"line":206,"column":64}},"32":{"start":{"line":207,"column":41},"end":{"line":207,"column":51}},"33":{"start":{"line":209,"column":22},"end":{"line":213,"column":24}},"34":{"start":{"line":216,"column":38},"end":{"line":216,"column":75}},"35":{"start":{"line":218,"column":22},"end":{"line":250,"column":24}},"36":{"start":{"line":244,"column":45},"end":{"line":244,"column":72}},"37":{"start":{"line":271,"column":36},"end":{"line":271,"column":56}},"38":{"start":{"line":273,"column":38},"end":{"line":273,"column":75}},"39":{"start":{"line":275,"column":22},"end":{"line":307,"column":24}},"40":{"start":{"line":301,"column":45},"end":{"line":301,"column":72}}},"fnMap":{"0":{"name":"(anonymous_0)","decl":{"start":{"line":112,"column":16},"end":{"line":112,"column":17}},"loc":{"start":{"line":112,"column":28},"end":{"line":127,"column":3}},"line":112},"1":{"name":"(anonymous_1)","decl":{"start":{"line":117,"column":12},"end":{"line":117,"column":13}},"loc":{"start":{"line":117,"column":19},"end":{"line":124,"column":7}},"line":117},"2":{"name":"(anonymous_2)","decl":{"start":{"line":120,"column":39},"end":{"line":120,"column":40}},"loc":{"start":{"line":120,"column":47},"end":{"line":120,"column":67}},"line":120},"3":{"name":"(anonymous_3)","decl":{"start":{"line":156,"column":27},"end":{"line":156,"column":28}},"loc":{"start":{"line":156,"column":39},"end":{"line":170,"column":3}},"line":156},"4":{"name":"(anonymous_4)","decl":{"start":{"line":166,"column":12},"end":{"line":166,"column":13}},"loc":{"start":{"line":166,"column":19},"end":{"line":166,"column":35}},"line":166},"5":{"name":"(anonymous_5)","decl":{"start":{"line":167,"column":13},"end":{"line":167,"column":14}},"loc":{"start":{"line":167,"column":18},"end":{"line":167,"column":32}},"line":167},"6":{"name":"(anonymous_6)","decl":{"start":{"line":172,"column":2},"end":{"line":172,"column":3}},"loc":{"start":{"line":172,"column":22},"end":{"line":175,"column":3}},"line":172},"7":{"name":"(anonymous_7)","decl":{"start":{"line":177,"column":2},"end":{"line":177,"column":3}},"loc":{"start":{"line":177,"column":11},"end":{"line":316,"column":3}},"line":177},"8":{"name":"(anonymous_8)","decl":{"start":{"line":198,"column":26},"end":{"line":198,"column":27}},"loc":{"start":{"line":198,"column":36},"end":{"line":204,"column":21}},"line":198},"9":{"name":"(anonymous_9)","decl":{"start":{"line":205,"column":28},"end":{"line":205,"column":29}},"loc":{"start":{"line":205,"column":36},"end":{"line":214,"column":21}},"line":205},"10":{"name":"(anonymous_10)","decl":{"start":{"line":215,"column":25},"end":{"line":215,"column":26}},"loc":{"start":{"line":215,"column":33},"end":{"line":251,"column":21}},"line":215},"11":{"name":"(anonymous_11)","decl":{"start":{"line":244,"column":39},"end":{"line":244,"column":40}},"loc":{"start":{"line":244,"column":45},"end":{"line":244,"column":72}},"line":244},"12":{"name":"(anonymous_12)","decl":{"start":{"line":271,"column":28},"end":{"line":271,"column":29}},"loc":{"start":{"line":271,"column":36},"end":{"line":271,"column":56}},"line":271},"13":{"name":"(anonymous_13)","decl":{"start":{"line":272,"column":25},"end":{"line":272,"column":26}},"loc":{"start":{"line":272,"column":33},"end":{"line":308,"column":21}},"line":272},"14":{"name":"(anonymous_14)","decl":{"start":{"line":301,"column":39},"end":{"line":301,"column":40}},"loc":{"start":{"line":301,"column":45},"end":{"line":301,"column":72}},"line":301}},"branchMap":{"0":{"loc":{"start":{"line":186,"column":13},"end":{"line":254,"column":13}},"type":"cond-expr","locations":[{"start":{"line":187,"column":14},"end":{"line":187,"column":33}},{"start":{"line":189,"column":14},"end":{"line":253,"column":22}}],"line":186},"1":{"loc":{"start":{"line":202,"column":22},"end":{"line":203,"column":37}},"type":"if","locations":[{"start":{"line":202,"column":22},"end":{"line":203,"column":37}},{"start":{"line":202,"column":22},"end":{"line":203,"column":37}}],"line":202},"2":{"loc":{"start":{"line":210,"column":24},"end":{"line":212,"column":44}},"type":"binary-expr","locations":[{"start":{"line":210,"column":24},"end":{"line":211,"column":57}},{"start":{"line":212,"column":24},"end":{"line":212,"column":44}}],"line":210},"3":{"loc":{"start":{"line":259,"column":13},"end":{"line":311,"column":13}},"type":"cond-expr","locations":[{"start":{"line":260,"column":14},"end":{"line":260,"column":33}},{"start":{"line":262,"column":14},"end":{"line":310,"column":22}}],"line":259}},"s":{"0":2,"1":2,"2":2,"3":2,"4":2,"5":2,"6":2,"7":2,"8":3,"9":3,"10":3,"11":3,"12":3,"13":0,"14":3,"15":3,"16":3,"17":3,"18":3,"19":2,"20":1,"21":3,"22":3,"23":3,"24":15,"25":15,"26":4,"27":4,"28":4,"29":4,"30":0,"31":10,"32":10,"33":10,"34":0,"35":0,"36":0,"37":10,"38":0,"39":0,"40":0},"f":{"0":3,"1":3,"2":0,"3":3,"4":2,"5":1,"6":3,"7":15,"8":4,"9":10,"10":0,"11":0,"12":10,"13":0,"14":0},"b":{"0":[6,9],"1":[4,0],"2":[10,0],"3":[6,9]},"_coverageSchema":"43e27e138ebf9cfc5966b082cf9a028302ed4184","hash":"fd8da5c46b7901f04320e5adb5c7fac3e81719e0"}
,"/Users/mantas/Personal/Personal/University/CS-Project/task-activity-planner/ma738/code/branches/master/task-activity-planner/client/src/components/User/Mood/Mood.js": {"path":"/Users/mantas/Personal/Personal/University/CS-Project/task-activity-planner/ma738/code/branches/master/task-activity-planner/client/src/components/User/Mood/Mood.js","statementMap":{"0":{"start":{"line":16,"column":19},"end":{"line":26,"column":1}},"1":{"start":{"line":28,"column":14},"end":{"line":34,"column":1}},"2":{"start":{"line":36,"column":13},"end":{"line":39,"column":1}},"3":{"start":{"line":41,"column":18},"end":{"line":68,"column":1}},"4":{"start":{"line":64,"column":6},"end":{"line":66,"column":7}},"5":{"start":{"line":70,"column":14},"end":{"line":83,"column":1}},"6":{"start":{"line":85,"column":15},"end":{"line":142,"column":1}},"7":{"start":{"line":144,"column":13},"end":{"line":150,"column":1}},"8":{"start":{"line":152,"column":19},"end":{"line":160,"column":1}},"9":{"start":{"line":163,"column":10},"end":{"line":166,"column":3}},"10":{"start":{"line":168,"column":17},"end":{"line":201,"column":3}},"11":{"start":{"line":169,"column":4},"end":{"line":200,"column":5}},"12":{"start":{"line":170,"column":19},"end":{"line":175,"column":7}},"13":{"start":{"line":177,"column":6},"end":{"line":177,"column":26}},"14":{"start":{"line":179,"column":6},"end":{"line":186,"column":8}},"15":{"start":{"line":181,"column":10},"end":{"line":181,"column":32}},"16":{"start":{"line":184,"column":10},"end":{"line":184,"column":29}},"17":{"start":{"line":188,"column":6},"end":{"line":188,"column":27}},"18":{"start":{"line":189,"column":6},"end":{"line":192,"column":10}},"19":{"start":{"line":189,"column":34},"end":{"line":192,"column":7}},"20":{"start":{"line":194,"column":6},"end":{"line":194,"column":21}},"21":{"start":{"line":195,"column":6},"end":{"line":195,"column":27}},"22":{"start":{"line":196,"column":6},"end":{"line":199,"column":10}},"23":{"start":{"line":196,"column":34},"end":{"line":199,"column":7}},"24":{"start":{"line":204,"column":30},"end":{"line":204,"column":40}},"25":{"start":{"line":206,"column":4},"end":{"line":208,"column":5}},"26":{"start":{"line":207,"column":6},"end":{"line":207,"column":44}},"27":{"start":{"line":210,"column":23},"end":{"line":216,"column":6}},"28":{"start":{"line":217,"column":4},"end":{"line":363,"column":6}},"29":{"start":{"line":235,"column":16},"end":{"line":235,"column":21}},"30":{"start":{"line":237,"column":12},"end":{"line":359,"column":14}}},"fnMap":{"0":{"name":"(anonymous_0)","decl":{"start":{"line":63,"column":6},"end":{"line":63,"column":7}},"loc":{"start":{"line":64,"column":6},"end":{"line":66,"column":7}},"line":64},"1":{"name":"(anonymous_1)","decl":{"start":{"line":168,"column":17},"end":{"line":168,"column":18}},"loc":{"start":{"line":168,"column":54},"end":{"line":201,"column":3}},"line":168},"2":{"name":"(anonymous_2)","decl":{"start":{"line":180,"column":8},"end":{"line":180,"column":9}},"loc":{"start":{"line":180,"column":20},"end":{"line":182,"column":9}},"line":180},"3":{"name":"(anonymous_3)","decl":{"start":{"line":183,"column":8},"end":{"line":183,"column":9}},"loc":{"start":{"line":183,"column":17},"end":{"line":185,"column":9}},"line":183},"4":{"name":"(anonymous_4)","decl":{"start":{"line":189,"column":20},"end":{"line":189,"column":21}},"loc":{"start":{"line":189,"column":34},"end":{"line":192,"column":7}},"line":189},"5":{"name":"(anonymous_5)","decl":{"start":{"line":196,"column":20},"end":{"line":196,"column":21}},"loc":{"start":{"line":196,"column":34},"end":{"line":199,"column":7}},"line":196},"6":{"name":"(anonymous_6)","decl":{"start":{"line":203,"column":2},"end":{"line":203,"column":3}},"loc":{"start":{"line":203,"column":11},"end":{"line":364,"column":3}},"line":203},"7":{"name":"(anonymous_7)","decl":{"start":{"line":228,"column":11},"end":{"line":228,"column":12}},"loc":{"start":{"line":228,"column":20},"end":{"line":360,"column":11}},"line":228}},"branchMap":{"0":{"loc":{"start":{"line":64,"column":6},"end":{"line":66,"column":7}},"type":"binary-expr","locations":[{"start":{"line":64,"column":6},"end":{"line":64,"column":11}},{"start":{"line":64,"column":15},"end":{"line":66,"column":7}}],"line":64},"1":{"loc":{"start":{"line":174,"column":17},"end":{"line":174,"column":58}},"type":"cond-expr","locations":[{"start":{"line":174,"column":46},"end":{"line":174,"column":50}},{"start":{"line":174,"column":53},"end":{"line":174,"column":58}}],"line":174},"2":{"loc":{"start":{"line":206,"column":4},"end":{"line":208,"column":5}},"type":"if","locations":[{"start":{"line":206,"column":4},"end":{"line":208,"column":5}},{"start":{"line":206,"column":4},"end":{"line":208,"column":5}}],"line":206},"3":{"loc":{"start":{"line":240,"column":17},"end":{"line":357,"column":17}},"type":"cond-expr","locations":[{"start":{"line":241,"column":18},"end":{"line":241,"column":37}},{"start":{"line":243,"column":18},"end":{"line":356,"column":25}}],"line":240}},"s":{"0":2,"1":2,"2":2,"3":2,"4":6,"5":2,"6":2,"7":2,"8":2,"9":2,"10":2,"11":1,"12":1,"13":1,"14":1,"15":1,"16":0,"17":1,"18":1,"19":1,"20":1,"21":1,"22":1,"23":0,"24":3,"25":3,"26":1,"27":2,"28":2,"29":2,"30":2},"f":{"0":6,"1":1,"2":1,"3":0,"4":1,"5":0,"6":3,"7":2},"b":{"0":[6,0],"1":[0,1],"2":[1,2],"3":[0,2]},"_coverageSchema":"43e27e138ebf9cfc5966b082cf9a028302ed4184","hash":"7fcb108f781ba87a1b6492644c0d75f502356639"}
,"/Users/mantas/Personal/Personal/University/CS-Project/task-activity-planner/ma738/code/branches/master/task-activity-planner/client/src/components/User/Tasks/AddTaskForm.js": {"path":"/Users/mantas/Personal/Personal/University/CS-Project/task-activity-planner/ma738/code/branches/master/task-activity-planner/client/src/components/User/Tasks/AddTaskForm.js","statementMap":{"0":{"start":{"line":15,"column":19},"end":{"line":25,"column":1}},"1":{"start":{"line":27,"column":14},"end":{"line":33,"column":1}},"2":{"start":{"line":35,"column":13},"end":{"line":38,"column":1}},"3":{"start":{"line":40,"column":18},"end":{"line":67,"column":1}},"4":{"start":{"line":63,"column":6},"end":{"line":65,"column":7}},"5":{"start":{"line":69,"column":24},"end":{"line":90,"column":1}},"6":{"start":{"line":92,"column":14},"end":{"line":105,"column":1}},"7":{"start":{"line":107,"column":18},"end":{"line":120,"column":1}},"8":{"start":{"line":122,"column":15},"end":{"line":179,"column":1}},"9":{"start":{"line":182,"column":10},"end":{"line":184,"column":3}},"10":{"start":{"line":186,"column":17},"end":{"line":225,"column":3}},"11":{"start":{"line":187,"column":4},"end":{"line":224,"column":5}},"12":{"start":{"line":188,"column":29},"end":{"line":188,"column":39}},"13":{"start":{"line":189,"column":19},"end":{"line":199,"column":7}},"14":{"start":{"line":201,"column":6},"end":{"line":201,"column":26}},"15":{"start":{"line":203,"column":6},"end":{"line":210,"column":8}},"16":{"start":{"line":205,"column":10},"end":{"line":205,"column":32}},"17":{"start":{"line":208,"column":10},"end":{"line":208,"column":29}},"18":{"start":{"line":212,"column":6},"end":{"line":212,"column":27}},"19":{"start":{"line":213,"column":6},"end":{"line":216,"column":10}},"20":{"start":{"line":213,"column":34},"end":{"line":216,"column":7}},"21":{"start":{"line":218,"column":6},"end":{"line":218,"column":21}},"22":{"start":{"line":219,"column":6},"end":{"line":219,"column":27}},"23":{"start":{"line":220,"column":6},"end":{"line":223,"column":10}},"24":{"start":{"line":220,"column":34},"end":{"line":223,"column":7}},"25":{"start":{"line":228,"column":30},"end":{"line":228,"column":40}},"26":{"start":{"line":230,"column":4},"end":{"line":232,"column":5}},"27":{"start":{"line":231,"column":6},"end":{"line":231,"column":44}},"28":{"start":{"line":235,"column":22},"end":{"line":235,"column":32}},"29":{"start":{"line":236,"column":21},"end":{"line":236,"column":31}},"30":{"start":{"line":237,"column":4},"end":{"line":237,"column":51}},"31":{"start":{"line":238,"column":4},"end":{"line":238,"column":45}},"32":{"start":{"line":240,"column":23},"end":{"line":257,"column":6}},"33":{"start":{"line":258,"column":4},"end":{"line":400,"column":6}},"34":{"start":{"line":282,"column":16},"end":{"line":282,"column":21}},"35":{"start":{"line":284,"column":12},"end":{"line":396,"column":14}},"36":{"start":{"line":326,"column":24},"end":{"line":326,"column":70}}},"fnMap":{"0":{"name":"(anonymous_0)","decl":{"start":{"line":62,"column":6},"end":{"line":62,"column":7}},"loc":{"start":{"line":63,"column":6},"end":{"line":65,"column":7}},"line":63},"1":{"name":"(anonymous_1)","decl":{"start":{"line":186,"column":17},"end":{"line":186,"column":18}},"loc":{"start":{"line":186,"column":54},"end":{"line":225,"column":3}},"line":186},"2":{"name":"(anonymous_2)","decl":{"start":{"line":204,"column":8},"end":{"line":204,"column":9}},"loc":{"start":{"line":204,"column":20},"end":{"line":206,"column":9}},"line":204},"3":{"name":"(anonymous_3)","decl":{"start":{"line":207,"column":8},"end":{"line":207,"column":9}},"loc":{"start":{"line":207,"column":17},"end":{"line":209,"column":9}},"line":207},"4":{"name":"(anonymous_4)","decl":{"start":{"line":213,"column":20},"end":{"line":213,"column":21}},"loc":{"start":{"line":213,"column":34},"end":{"line":216,"column":7}},"line":213},"5":{"name":"(anonymous_5)","decl":{"start":{"line":220,"column":20},"end":{"line":220,"column":21}},"loc":{"start":{"line":220,"column":34},"end":{"line":223,"column":7}},"line":220},"6":{"name":"(anonymous_6)","decl":{"start":{"line":227,"column":2},"end":{"line":227,"column":3}},"loc":{"start":{"line":227,"column":11},"end":{"line":401,"column":3}},"line":227},"7":{"name":"(anonymous_7)","decl":{"start":{"line":274,"column":11},"end":{"line":274,"column":12}},"loc":{"start":{"line":274,"column":20},"end":{"line":397,"column":11}},"line":274},"8":{"name":"(anonymous_8)","decl":{"start":{"line":325,"column":32},"end":{"line":325,"column":33}},"loc":{"start":{"line":326,"column":24},"end":{"line":326,"column":70}},"line":326}},"branchMap":{"0":{"loc":{"start":{"line":63,"column":6},"end":{"line":65,"column":7}},"type":"binary-expr","locations":[{"start":{"line":63,"column":6},"end":{"line":63,"column":11}},{"start":{"line":63,"column":15},"end":{"line":65,"column":7}}],"line":63},"1":{"loc":{"start":{"line":230,"column":4},"end":{"line":232,"column":5}},"type":"if","locations":[{"start":{"line":230,"column":4},"end":{"line":232,"column":5}},{"start":{"line":230,"column":4},"end":{"line":232,"column":5}}],"line":230}},"s":{"0":2,"1":2,"2":2,"3":2,"4":8,"5":2,"6":2,"7":2,"8":2,"9":2,"10":2,"11":1,"12":1,"13":1,"14":1,"15":1,"16":0,"17":1,"18":1,"19":1,"20":1,"21":1,"22":1,"23":1,"24":0,"25":3,"26":3,"27":1,"28":2,"29":2,"30":2,"31":2,"32":2,"33":2,"34":2,"35":2,"36":0},"f":{"0":8,"1":1,"2":0,"3":1,"4":1,"5":0,"6":3,"7":2,"8":0},"b":{"0":[8,0],"1":[1,2]},"_coverageSchema":"43e27e138ebf9cfc5966b082cf9a028302ed4184","hash":"2d984b713ff279203296ca8c8103a9aaa53f4896"}
,"/Users/mantas/Personal/Personal/University/CS-Project/task-activity-planner/ma738/code/branches/master/task-activity-planner/client/src/components/User/Tasks/AllTasks.js": {"path":"/Users/mantas/Personal/Personal/University/CS-Project/task-activity-planner/ma738/code/branches/master/task-activity-planner/client/src/components/User/Tasks/AllTasks.js","statementMap":{"0":{"start":{"line":9,"column":10},"end":{"line":15,"column":3}},"1":{"start":{"line":61,"column":16},"end":{"line":65,"column":3}},"2":{"start":{"line":62,"column":4},"end":{"line":62,"column":39}},"3":{"start":{"line":62,"column":32},"end":{"line":62,"column":39}},"4":{"start":{"line":64,"column":4},"end":{"line":64,"column":35}},"5":{"start":{"line":98,"column":4},"end":{"line":98,"column":23}},"6":{"start":{"line":102,"column":28},"end":{"line":102,"column":38}},"7":{"start":{"line":105,"column":26},"end":{"line":113,"column":43}},"8":{"start":{"line":107,"column":24},"end":{"line":107,"column":58}},"9":{"start":{"line":108,"column":25},"end":{"line":108,"column":59}},"10":{"start":{"line":110,"column":8},"end":{"line":111,"column":23}},"11":{"start":{"line":110,"column":32},"end":{"line":110,"column":41}},"12":{"start":{"line":111,"column":13},"end":{"line":111,"column":23}},"13":{"start":{"line":113,"column":22},"end":{"line":113,"column":42}},"14":{"start":{"line":115,"column":20},"end":{"line":121,"column":5}},"15":{"start":{"line":123,"column":4},"end":{"line":141,"column":6}}},"fnMap":{"0":{"name":"(anonymous_0)","decl":{"start":{"line":61,"column":16},"end":{"line":61,"column":17}},"loc":{"start":{"line":61,"column":35},"end":{"line":65,"column":3}},"line":61},"1":{"name":"(anonymous_1)","decl":{"start":{"line":97,"column":2},"end":{"line":97,"column":3}},"loc":{"start":{"line":97,"column":22},"end":{"line":99,"column":3}},"line":97},"2":{"name":"(anonymous_2)","decl":{"start":{"line":101,"column":2},"end":{"line":101,"column":3}},"loc":{"start":{"line":101,"column":11},"end":{"line":142,"column":3}},"line":101},"3":{"name":"(anonymous_3)","decl":{"start":{"line":106,"column":12},"end":{"line":106,"column":13}},"loc":{"start":{"line":106,"column":22},"end":{"line":112,"column":7}},"line":106},"4":{"name":"(anonymous_4)","decl":{"start":{"line":113,"column":14},"end":{"line":113,"column":15}},"loc":{"start":{"line":113,"column":22},"end":{"line":113,"column":42}},"line":113}},"branchMap":{"0":{"loc":{"start":{"line":62,"column":4},"end":{"line":62,"column":39}},"type":"if","locations":[{"start":{"line":62,"column":4},"end":{"line":62,"column":39}},{"start":{"line":62,"column":4},"end":{"line":62,"column":39}}],"line":62},"1":{"loc":{"start":{"line":110,"column":8},"end":{"line":111,"column":23}},"type":"if","locations":[{"start":{"line":110,"column":8},"end":{"line":111,"column":23}},{"start":{"line":110,"column":8},"end":{"line":111,"column":23}}],"line":110}},"s":{"0":1,"1":1,"2":0,"3":0,"4":0,"5":0,"6":1,"7":1,"8":0,"9":0,"10":0,"11":0,"12":0,"13":0,"14":1,"15":1},"f":{"0":0,"1":0,"2":1,"3":0,"4":0},"b":{"0":[0,0],"1":[0,0]},"_coverageSchema":"43e27e138ebf9cfc5966b082cf9a028302ed4184","hash":"a9839387f195507066c86beed89b3a46d441ee81"}
,"/Users/mantas/Personal/Personal/University/CS-Project/task-activity-planner/ma738/code/branches/master/task-activity-planner/client/src/components/User/Tasks/EditTask.js": {"path":"/Users/mantas/Personal/Personal/University/CS-Project/task-activity-planner/ma738/code/branches/master/task-activity-planner/client/src/components/User/Tasks/EditTask.js","statementMap":{"0":{"start":{"line":16,"column":19},"end":{"line":26,"column":1}},"1":{"start":{"line":28,"column":14},"end":{"line":34,"column":1}},"2":{"start":{"line":36,"column":13},"end":{"line":39,"column":1}},"3":{"start":{"line":41,"column":18},"end":{"line":68,"column":1}},"4":{"start":{"line":64,"column":6},"end":{"line":66,"column":7}},"5":{"start":{"line":70,"column":24},"end":{"line":91,"column":1}},"6":{"start":{"line":93,"column":14},"end":{"line":106,"column":1}},"7":{"start":{"line":108,"column":18},"end":{"line":121,"column":1}},"8":{"start":{"line":123,"column":15},"end":{"line":180,"column":1}},"9":{"start":{"line":183,"column":10},"end":{"line":185,"column":3}},"10":{"start":{"line":234,"column":31},"end":{"line":234,"column":41}},"11":{"start":{"line":236,"column":4},"end":{"line":238,"column":5}},"12":{"start":{"line":237,"column":6},"end":{"line":237,"column":44}},"13":{"start":{"line":241,"column":22},"end":{"line":241,"column":32}},"14":{"start":{"line":242,"column":4},"end":{"line":242,"column":51}},"15":{"start":{"line":244,"column":23},"end":{"line":262,"column":6}},"16":{"start":{"line":264,"column":21},"end":{"line":264,"column":46}},"17":{"start":{"line":266,"column":4},"end":{"line":408,"column":6}},"18":{"start":{"line":291,"column":18},"end":{"line":291,"column":23}},"19":{"start":{"line":293,"column":14},"end":{"line":403,"column":16}},"20":{"start":{"line":335,"column":26},"end":{"line":335,"column":72}}},"fnMap":{"0":{"name":"(anonymous_0)","decl":{"start":{"line":63,"column":6},"end":{"line":63,"column":7}},"loc":{"start":{"line":64,"column":6},"end":{"line":66,"column":7}},"line":64},"1":{"name":"(anonymous_1)","decl":{"start":{"line":233,"column":2},"end":{"line":233,"column":3}},"loc":{"start":{"line":233,"column":11},"end":{"line":409,"column":3}},"line":233},"2":{"name":"(anonymous_2)","decl":{"start":{"line":283,"column":13},"end":{"line":283,"column":14}},"loc":{"start":{"line":283,"column":22},"end":{"line":404,"column":13}},"line":283},"3":{"name":"(anonymous_3)","decl":{"start":{"line":334,"column":34},"end":{"line":334,"column":35}},"loc":{"start":{"line":335,"column":26},"end":{"line":335,"column":72}},"line":335}},"branchMap":{"0":{"loc":{"start":{"line":64,"column":6},"end":{"line":66,"column":7}},"type":"binary-expr","locations":[{"start":{"line":64,"column":6},"end":{"line":64,"column":11}},{"start":{"line":64,"column":15},"end":{"line":66,"column":7}}],"line":64},"1":{"loc":{"start":{"line":236,"column":4},"end":{"line":238,"column":5}},"type":"if","locations":[{"start":{"line":236,"column":4},"end":{"line":238,"column":5}},{"start":{"line":236,"column":4},"end":{"line":238,"column":5}}],"line":236}},"s":{"0":2,"1":2,"2":2,"3":2,"4":8,"5":2,"6":2,"7":2,"8":2,"9":2,"10":2,"11":2,"12":0,"13":2,"14":2,"15":2,"16":2,"17":2,"18":2,"19":2,"20":0},"f":{"0":8,"1":2,"2":2,"3":0},"b":{"0":[8,0],"1":[0,2]},"_coverageSchema":"43e27e138ebf9cfc5966b082cf9a028302ed4184","hash":"8dd904c02a646d86e84336212751c835ba3f228c"}
,"/Users/mantas/Personal/Personal/University/CS-Project/task-activity-planner/ma738/code/branches/master/task-activity-planner/client/src/components/shared/Button.js": {"path":"/Users/mantas/Personal/Personal/University/CS-Project/task-activity-planner/ma738/code/branches/master/task-activity-planner/client/src/components/shared/Button.js","statementMap":{"0":{"start":{"line":5,"column":21},"end":{"line":19,"column":1}},"1":{"start":{"line":21,"column":15},"end":{"line":27,"column":1}},"2":{"start":{"line":22,"column":2},"end":{"line":26,"column":4}}},"fnMap":{"0":{"name":"(anonymous_0)","decl":{"start":{"line":21,"column":15},"end":{"line":21,"column":16}},"loc":{"start":{"line":21,"column":30},"end":{"line":27,"column":1}},"line":21}},"branchMap":{},"s":{"0":1,"1":1,"2":2},"f":{"0":2},"b":{},"_coverageSchema":"43e27e138ebf9cfc5966b082cf9a028302ed4184","hash":"c2732f76c127f88a82be14f53532fad65e5bc9b8"}
,"/Users/mantas/Personal/Personal/University/CS-Project/task-activity-planner/ma738/code/branches/master/task-activity-planner/client/src/components/shared/Checkbox.js": {"path":"/Users/mantas/Personal/Personal/University/CS-Project/task-activity-planner/ma738/code/branches/master/task-activity-planner/client/src/components/shared/Checkbox.js","statementMap":{"0":{"start":{"line":7,"column":4},"end":{"line":7,"column":17}},"1":{"start":{"line":9,"column":4},"end":{"line":9,"column":49}},"2":{"start":{"line":11,"column":10},"end":{"line":14,"column":3}},"3":{"start":{"line":16,"column":15},"end":{"line":52,"column":3}},"4":{"start":{"line":17,"column":4},"end":{"line":51,"column":5}},"5":{"start":{"line":18,"column":29},"end":{"line":18,"column":39}},"6":{"start":{"line":19,"column":19},"end":{"line":23,"column":7}},"7":{"start":{"line":25,"column":6},"end":{"line":32,"column":8}},"8":{"start":{"line":27,"column":10},"end":{"line":27,"column":32}},"9":{"start":{"line":30,"column":10},"end":{"line":30,"column":29}},"10":{"start":{"line":34,"column":6},"end":{"line":38,"column":10}},"11":{"start":{"line":34,"column":34},"end":{"line":38,"column":7}},"12":{"start":{"line":40,"column":6},"end":{"line":42,"column":14}},"13":{"start":{"line":41,"column":8},"end":{"line":41,"column":61}},"14":{"start":{"line":44,"column":6},"end":{"line":44,"column":21}},"15":{"start":{"line":46,"column":6},"end":{"line":50,"column":10}},"16":{"start":{"line":46,"column":34},"end":{"line":50,"column":7}},"17":{"start":{"line":55,"column":24},"end":{"line":55,"column":34}},"18":{"start":{"line":57,"column":4},"end":{"line":67,"column":6}}},"fnMap":{"0":{"name":"(anonymous_0)","decl":{"start":{"line":6,"column":2},"end":{"line":6,"column":3}},"loc":{"start":{"line":6,"column":21},"end":{"line":10,"column":3}},"line":6},"1":{"name":"(anonymous_1)","decl":{"start":{"line":16,"column":15},"end":{"line":16,"column":16}},"loc":{"start":{"line":16,"column":27},"end":{"line":52,"column":3}},"line":16},"2":{"name":"(anonymous_2)","decl":{"start":{"line":26,"column":8},"end":{"line":26,"column":9}},"loc":{"start":{"line":26,"column":20},"end":{"line":28,"column":9}},"line":26},"3":{"name":"(anonymous_3)","decl":{"start":{"line":29,"column":8},"end":{"line":29,"column":9}},"loc":{"start":{"line":29,"column":17},"end":{"line":31,"column":9}},"line":29},"4":{"name":"(anonymous_4)","decl":{"start":{"line":34,"column":20},"end":{"line":34,"column":21}},"loc":{"start":{"line":34,"column":34},"end":{"line":38,"column":7}},"line":34},"5":{"name":"(anonymous_5)","decl":{"start":{"line":40,"column":17},"end":{"line":40,"column":18}},"loc":{"start":{"line":40,"column":29},"end":{"line":42,"column":7}},"line":40},"6":{"name":"(anonymous_6)","decl":{"start":{"line":46,"column":20},"end":{"line":46,"column":21}},"loc":{"start":{"line":46,"column":34},"end":{"line":50,"column":7}},"line":46},"7":{"name":"(anonymous_7)","decl":{"start":{"line":54,"column":2},"end":{"line":54,"column":3}},"loc":{"start":{"line":54,"column":11},"end":{"line":68,"column":3}},"line":54}},"branchMap":{},"s":{"0":3,"1":3,"2":3,"3":3,"4":2,"5":2,"6":2,"7":2,"8":0,"9":2,"10":2,"11":2,"12":2,"13":0,"14":0,"15":0,"16":0,"17":5,"18":5},"f":{"0":3,"1":2,"2":0,"3":2,"4":2,"5":0,"6":0,"7":5},"b":{},"_coverageSchema":"43e27e138ebf9cfc5966b082cf9a028302ed4184","hash":"8ace4ced468c8cd9f42b0f822861af2500ca4ab2"}
,"/Users/mantas/Personal/Personal/University/CS-Project/task-activity-planner/ma738/code/branches/master/task-activity-planner/client/src/components/shared/Table/Table.js": {"path":"/Users/mantas/Personal/Personal/University/CS-Project/task-activity-planner/ma738/code/branches/master/task-activity-planner/client/src/components/shared/Table/Table.js","statementMap":{"0":{"start":{"line":24,"column":20},"end":{"line":38,"column":1}},"1":{"start":{"line":40,"column":24},"end":{"line":48,"column":14}},"2":{"start":{"line":40,"column":45},"end":{"line":48,"column":1}},"3":{"start":{"line":50,"column":23},"end":{"line":56,"column":13}},"4":{"start":{"line":50,"column":44},"end":{"line":56,"column":1}},"5":{"start":{"line":68,"column":26},"end":{"line":68,"column":37}},"6":{"start":{"line":69,"column":40},"end":{"line":69,"column":51}},"7":{"start":{"line":72,"column":4},"end":{"line":72,"column":74}},"8":{"start":{"line":74,"column":32},"end":{"line":76,"column":3}},"9":{"start":{"line":75,"column":4},"end":{"line":75,"column":21}},"10":{"start":{"line":78,"column":35},"end":{"line":81,"column":3}},"11":{"start":{"line":79,"column":4},"end":{"line":79,"column":53}},"12":{"start":{"line":80,"column":4},"end":{"line":80,"column":15}},"13":{"start":{"line":83,"column":2},"end":{"line":201,"column":4}},"14":{"start":{"line":103,"column":16},"end":{"line":105,"column":34}},"15":{"start":{"line":123,"column":30},"end":{"line":123,"column":67}},"16":{"start":{"line":125,"column":14},"end":{"line":170,"column":16}},"17":{"start":{"line":164,"column":50},"end":{"line":164,"column":72}}},"fnMap":{"0":{"name":"(anonymous_0)","decl":{"start":{"line":40,"column":35},"end":{"line":40,"column":36}},"loc":{"start":{"line":40,"column":45},"end":{"line":48,"column":1}},"line":40},"1":{"name":"(anonymous_1)","decl":{"start":{"line":50,"column":34},"end":{"line":50,"column":35}},"loc":{"start":{"line":50,"column":44},"end":{"line":56,"column":1}},"line":50},"2":{"name":"TaskTable","decl":{"start":{"line":58,"column":24},"end":{"line":58,"column":33}},"loc":{"start":{"line":67,"column":3},"end":{"line":202,"column":1}},"line":67},"3":{"name":"(anonymous_3)","decl":{"start":{"line":74,"column":32},"end":{"line":74,"column":33}},"loc":{"start":{"line":74,"column":52},"end":{"line":76,"column":3}},"line":74},"4":{"name":"(anonymous_4)","decl":{"start":{"line":78,"column":35},"end":{"line":78,"column":36}},"loc":{"start":{"line":78,"column":44},"end":{"line":81,"column":3}},"line":78},"5":{"name":"(anonymous_5)","decl":{"start":{"line":102,"column":27},"end":{"line":102,"column":28}},"loc":{"start":{"line":103,"column":16},"end":{"line":105,"column":34}},"line":103},"6":{"name":"(anonymous_6)","decl":{"start":{"line":122,"column":18},"end":{"line":122,"column":19}},"loc":{"start":{"line":122,"column":26},"end":{"line":171,"column":13}},"line":122},"7":{"name":"(anonymous_7)","decl":{"start":{"line":164,"column":44},"end":{"line":164,"column":45}},"loc":{"start":{"line":164,"column":50},"end":{"line":164,"column":72}},"line":164}},"branchMap":{"0":{"loc":{"start":{"line":103,"column":40},"end":{"line":103,"column":76}},"type":"cond-expr","locations":[{"start":{"line":103,"column":60},"end":{"line":103,"column":66}},{"start":{"line":103,"column":69},"end":{"line":103,"column":76}}],"line":103},"1":{"loc":{"start":{"line":107,"column":15},"end":{"line":109,"column":15}},"type":"binary-expr","locations":[{"start":{"line":107,"column":15},"end":{"line":107,"column":30}},{"start":{"line":108,"column":16},"end":{"line":108,"column":69}}],"line":107},"2":{"loc":{"start":{"line":110,"column":15},"end":{"line":112,"column":15}},"type":"binary-expr","locations":[{"start":{"line":110,"column":15},"end":{"line":110,"column":32}},{"start":{"line":111,"column":16},"end":{"line":111,"column":71}}],"line":110},"3":{"loc":{"start":{"line":116,"column":14},"end":{"line":121,"column":21}},"type":"cond-expr","locations":[{"start":{"line":117,"column":16},"end":{"line":120,"column":17}},{"start":{"line":121,"column":16},"end":{"line":121,"column":21}}],"line":116},"4":{"loc":{"start":{"line":133,"column":19},"end":{"line":137,"column":19}},"type":"binary-expr","locations":[{"start":{"line":133,"column":19},"end":{"line":133,"column":45}},{"start":{"line":134,"column":20},"end":{"line":136,"column":38}}],"line":133},"5":{"loc":{"start":{"line":146,"column":19},"end":{"line":161,"column":19}},"type":"binary-expr","locations":[{"start":{"line":146,"column":19},"end":{"line":146,"column":34}},{"start":{"line":147,"column":20},"end":{"line":160,"column":38}}],"line":146},"6":{"loc":{"start":{"line":162,"column":19},"end":{"line":168,"column":19}},"type":"binary-expr","locations":[{"start":{"line":162,"column":19},"end":{"line":162,"column":36}},{"start":{"line":163,"column":20},"end":{"line":167,"column":38}}],"line":162},"7":{"loc":{"start":{"line":173,"column":13},"end":{"line":177,"column":13}},"type":"binary-expr","locations":[{"start":{"line":173,"column":13},"end":{"line":173,"column":26}},{"start":{"line":174,"column":14},"end":{"line":176,"column":31}}],"line":173}},"s":{"0":2,"1":2,"2":1,"3":2,"4":1,"5":1,"6":1,"7":1,"8":1,"9":0,"10":1,"11":0,"12":0,"13":1,"14":5,"15":0,"16":0,"17":0},"f":{"0":1,"1":1,"2":1,"3":0,"4":0,"5":5,"6":0,"7":0},"b":{"0":[1,4],"1":[1,1],"2":[1,1],"3":[1,0],"4":[0,0],"5":[0,0],"6":[0,0],"7":[1,1]},"_coverageSchema":"43e27e138ebf9cfc5966b082cf9a028302ed4184","hash":"db77a2b2c55ab0252764b2fc9f0c467fad5b1fd1"}
,"/Users/mantas/Personal/Personal/University/CS-Project/task-activity-planner/ma738/code/branches/master/task-activity-planner/client/src/components/shared/Table/TablePaginationActions.js": {"path":"/Users/mantas/Personal/Personal/University/CS-Project/task-activity-planner/ma738/code/branches/master/task-activity-planner/client/src/components/shared/Table/TablePaginationActions.js","statementMap":{"0":{"start":{"line":10,"column":18},"end":{"line":15,"column":3}},"1":{"start":{"line":10,"column":39},"end":{"line":15,"column":1}},"2":{"start":{"line":18,"column":18},"end":{"line":18,"column":29}},"3":{"start":{"line":19,"column":16},"end":{"line":19,"column":26}},"4":{"start":{"line":20,"column":53},"end":{"line":20,"column":58}},"5":{"start":{"line":22,"column":37},"end":{"line":24,"column":3}},"6":{"start":{"line":23,"column":4},"end":{"line":23,"column":27}},"7":{"start":{"line":26,"column":32},"end":{"line":28,"column":3}},"8":{"start":{"line":27,"column":4},"end":{"line":27,"column":34}},"9":{"start":{"line":30,"column":32},"end":{"line":32,"column":3}},"10":{"start":{"line":31,"column":4},"end":{"line":31,"column":34}},"11":{"start":{"line":34,"column":36},"end":{"line":36,"column":3}},"12":{"start":{"line":35,"column":4},"end":{"line":35,"column":73}},"13":{"start":{"line":37,"column":2},"end":{"line":76,"column":4}}},"fnMap":{"0":{"name":"(anonymous_0)","decl":{"start":{"line":10,"column":29},"end":{"line":10,"column":30}},"loc":{"start":{"line":10,"column":39},"end":{"line":15,"column":1}},"line":10},"1":{"name":"TablePaginationActions","decl":{"start":{"line":17,"column":24},"end":{"line":17,"column":46}},"loc":{"start":{"line":17,"column":54},"end":{"line":77,"column":1}},"line":17},"2":{"name":"(anonymous_2)","decl":{"start":{"line":22,"column":37},"end":{"line":22,"column":38}},"loc":{"start":{"line":22,"column":46},"end":{"line":24,"column":3}},"line":22},"3":{"name":"(anonymous_3)","decl":{"start":{"line":26,"column":32},"end":{"line":26,"column":33}},"loc":{"start":{"line":26,"column":41},"end":{"line":28,"column":3}},"line":26},"4":{"name":"(anonymous_4)","decl":{"start":{"line":30,"column":32},"end":{"line":30,"column":33}},"loc":{"start":{"line":30,"column":41},"end":{"line":32,"column":3}},"line":30},"5":{"name":"(anonymous_5)","decl":{"start":{"line":34,"column":36},"end":{"line":34,"column":37}},"loc":{"start":{"line":34,"column":45},"end":{"line":36,"column":3}},"line":34}},"branchMap":{"0":{"loc":{"start":{"line":44,"column":9},"end":{"line":44,"column":73}},"type":"cond-expr","locations":[{"start":{"line":44,"column":37},"end":{"line":44,"column":53}},{"start":{"line":44,"column":56},"end":{"line":44,"column":73}}],"line":44},"1":{"loc":{"start":{"line":51,"column":9},"end":{"line":55,"column":9}},"type":"cond-expr","locations":[{"start":{"line":52,"column":10},"end":{"line":52,"column":32}},{"start":{"line":54,"column":10},"end":{"line":54,"column":31}}],"line":51},"2":{"loc":{"start":{"line":62,"column":9},"end":{"line":66,"column":9}},"type":"cond-expr","locations":[{"start":{"line":63,"column":10},"end":{"line":63,"column":31}},{"start":{"line":65,"column":10},"end":{"line":65,"column":32}}],"line":62},"3":{"loc":{"start":{"line":73,"column":9},"end":{"line":73,"column":73}},"type":"cond-expr","locations":[{"start":{"line":73,"column":37},"end":{"line":73,"column":54}},{"start":{"line":73,"column":57},"end":{"line":73,"column":73}}],"line":73}},"s":{"0":2,"1":1,"2":1,"3":1,"4":1,"5":1,"6":0,"7":1,"8":0,"9":1,"10":0,"11":1,"12":0,"13":1},"f":{"0":1,"1":1,"2":0,"3":0,"4":0,"5":0},"b":{"0":[0,1],"1":[0,1],"2":[0,1],"3":[0,1]},"_coverageSchema":"43e27e138ebf9cfc5966b082cf9a028302ed4184","hash":"fcc0389c2cd0526bf3a06a6134a0b892c4d2b3e2"}
,"/Users/mantas/Personal/Personal/University/CS-Project/task-activity-planner/ma738/code/branches/master/task-activity-planner/client/src/components/shared/Table/UndoMessage.js": {"path":"/Users/mantas/Personal/Personal/University/CS-Project/task-activity-planner/ma738/code/branches/master/task-activity-planner/client/src/components/shared/Table/UndoMessage.js","statementMap":{"0":{"start":{"line":8,"column":2},"end":{"line":31,"column":4}}},"fnMap":{"0":{"name":"UndoMessage","decl":{"start":{"line":7,"column":24},"end":{"line":7,"column":35}},"loc":{"start":{"line":7,"column":71},"end":{"line":32,"column":1}},"line":7}},"branchMap":{},"s":{"0":1},"f":{"0":1},"b":{},"_coverageSchema":"43e27e138ebf9cfc5966b082cf9a028302ed4184","hash":"db577bdfab29ac42b923e5e14115836712ff4b64"}
,"/Users/mantas/Personal/Personal/University/CS-Project/task-activity-planner/ma738/code/branches/master/task-activity-planner/client/src/components/shared/Theme/Theme.js": {"path":"/Users/mantas/Personal/Personal/University/CS-Project/task-activity-planner/ma738/code/branches/master/task-activity-planner/client/src/components/shared/Theme/Theme.js","statementMap":{"0":{"start":{"line":4,"column":21},"end":{"line":8,"column":2}},"1":{"start":{"line":10,"column":14},"end":{"line":36,"column":1}}},"fnMap":{},"branchMap":{},"s":{"0":11,"1":11},"f":{},"b":{},"_coverageSchema":"43e27e138ebf9cfc5966b082cf9a028302ed4184","hash":"9852ce3dfc8ef90b4c867c569353c7d58eec69f3"}
,"/Users/mantas/Personal/Personal/University/CS-Project/task-activity-planner/ma738/code/branches/master/task-activity-planner/client/src/utils/history.js": {"path":"/Users/mantas/Personal/Personal/University/CS-Project/task-activity-planner/ma738/code/branches/master/task-activity-planner/client/src/utils/history.js","statementMap":{},"fnMap":{},"branchMap":{},"s":{},"f":{},"b":{},"hash":"795eec508ec008d2126c5eef7a490460822ac880"}
}
