TN:
SF:/Users/mantas/Personal/Personal/University/CS-Project/task-activity-planner/ma738/code/branches/master/task-activity-planner/client/src/App.js
FN:17,App
FNF:1
FNH:0
FNDA:0,App
DA:18,0
DA:25,0
LF:2
LH:0
BRDA:30,0,0,0
BRDA:30,0,1,0
BRDA:39,1,0,0
BRDA:39,1,1,0
BRDA:47,2,0,0
BRDA:47,2,1,0
BRDA:51,3,0,0
BRDA:51,3,1,0
BRDA:60,4,0,0
BRDA:60,4,1,0
BRF:10
BRH:0
end_of_record
TN:
SF:/Users/mantas/Personal/Personal/University/CS-Project/task-activity-planner/ma738/code/branches/master/task-activity-planner/client/src/components/Cover/Cover.js
FN:70,(anonymous_0)
FNF:1
FNH:0
FNDA:0,(anonymous_0)
DA:10,0
DA:59,0
DA:63,0
DA:70,0
DA:71,0
DA:73,0
LF:6
LH:0
BRDA:79,0,0,0
BRDA:79,0,1,0
BRF:2
BRH:0
end_of_record
TN:
SF:/Users/mantas/Personal/Personal/University/CS-Project/task-activity-planner/ma738/code/branches/master/task-activity-planner/client/src/components/Error/Error.js
FN:64,(anonymous_0)
FNF:1
FNH:0
FNDA:0,(anonymous_0)
DA:6,0
DA:55,0
DA:57,0
DA:64,0
DA:65,0
LF:5
LH:0
BRDA:69,0,0,0
BRDA:69,0,1,0
BRF:2
BRH:0
end_of_record
TN:
SF:/Users/mantas/Personal/Personal/University/CS-Project/task-activity-planner/ma738/code/branches/master/task-activity-planner/client/src/components/Layout/Layout.js
FN:14,(anonymous_0)
FNF:1
FNH:0
FNDA:0,(anonymous_0)
DA:8,0
DA:14,0
DA:15,0
LF:3
LH:0
BRF:0
BRH:0
end_of_record
TN:
SF:/Users/mantas/Personal/Personal/University/CS-Project/task-activity-planner/ma738/code/branches/master/task-activity-planner/client/src/components/User/Home/Home.js
FN:112,(anonymous_0)
FN:117,(anonymous_1)
FN:120,(anonymous_2)
FN:156,(anonymous_3)
FN:166,(anonymous_4)
FN:167,(anonymous_5)
FN:172,(anonymous_6)
FN:177,(anonymous_7)
FN:198,(anonymous_8)
FN:205,(anonymous_9)
FN:215,(anonymous_10)
FN:244,(anonymous_11)
FN:271,(anonymous_12)
FN:272,(anonymous_13)
FN:301,(anonymous_14)
FNF:15
FNH:0
FNDA:0,(anonymous_0)
FNDA:0,(anonymous_1)
FNDA:0,(anonymous_2)
FNDA:0,(anonymous_3)
FNDA:0,(anonymous_4)
FNDA:0,(anonymous_5)
FNDA:0,(anonymous_6)
FNDA:0,(anonymous_7)
FNDA:0,(anonymous_8)
FNDA:0,(anonymous_9)
FNDA:0,(anonymous_10)
FNDA:0,(anonymous_11)
FNDA:0,(anonymous_12)
FNDA:0,(anonymous_13)
FNDA:0,(anonymous_14)
DA:14,0
DA:24,0
DA:33,0
DA:50,0
DA:67,0
DA:83,0
DA:87,0
DA:96,0
DA:107,0
DA:112,0
DA:113,0
DA:115,0
DA:118,0
DA:120,0
DA:126,0
DA:156,0
DA:157,0
DA:159,0
DA:164,0
DA:166,0
DA:167,0
DA:169,0
DA:173,0
DA:174,0
DA:178,0
DA:180,0
DA:199,0
DA:200,0
DA:202,0
DA:203,0
DA:206,0
DA:207,0
DA:209,0
DA:216,0
DA:218,0
DA:244,0
DA:271,0
DA:273,0
DA:275,0
DA:301,0
LF:40
LH:0
BRDA:186,0,0,0
BRDA:186,0,1,0
BRDA:202,1,0,0
BRDA:202,1,1,0
BRDA:210,2,0,0
BRDA:210,2,1,0
BRDA:259,3,0,0
BRDA:259,3,1,0
BRF:8
BRH:0
end_of_record
TN:
SF:/Users/mantas/Personal/Personal/University/CS-Project/task-activity-planner/ma738/code/branches/master/task-activity-planner/client/src/components/User/Layout/Layout.js
FN:9,(anonymous_0)
FN:26,(anonymous_1)
FNF:2
FNH:2
FNDA:1,(anonymous_0)
FNDA:1,(anonymous_1)
DA:9,1
DA:26,1
DA:27,1
DA:29,1
LF:4
LH:4
BRF:0
BRH:0
end_of_record
TN:
SF:/Users/mantas/Personal/Personal/University/CS-Project/task-activity-planner/ma738/code/branches/master/task-activity-planner/client/src/components/User/Mood/Mood.js
FN:63,(anonymous_0)
FN:168,(anonymous_1)
FN:180,(anonymous_2)
FN:183,(anonymous_3)
FN:189,(anonymous_4)
FN:196,(anonymous_5)
FN:203,(anonymous_6)
FN:228,(anonymous_7)
FNF:8
FNH:0
FNDA:0,(anonymous_0)
FNDA:0,(anonymous_1)
FNDA:0,(anonymous_2)
FNDA:0,(anonymous_3)
FNDA:0,(anonymous_4)
FNDA:0,(anonymous_5)
FNDA:0,(anonymous_6)
FNDA:0,(anonymous_7)
DA:16,0
DA:28,0
DA:36,0
DA:41,0
DA:64,0
DA:70,0
DA:85,0
DA:144,0
DA:152,0
DA:163,0
DA:168,0
DA:169,0
DA:170,0
DA:177,0
DA:179,0
DA:181,0
DA:184,0
DA:188,0
DA:189,0
DA:194,0
DA:195,0
DA:196,0
DA:204,0
DA:206,0
DA:207,0
DA:210,0
DA:217,0
DA:235,0
DA:237,0
LF:29
LH:0
BRDA:64,0,0,0
BRDA:64,0,1,0
BRDA:174,1,0,0
BRDA:174,1,1,0
BRDA:206,2,0,0
BRDA:206,2,1,0
BRDA:240,3,0,0
BRDA:240,3,1,0
BRF:8
BRH:0
end_of_record
TN:
SF:/Users/mantas/Personal/Personal/University/CS-Project/task-activity-planner/ma738/code/branches/master/task-activity-planner/client/src/components/User/Navigation/Navigation.js
FN:35,(anonymous_0)
FN:114,(anonymous_1)
FN:123,(anonymous_2)
FN:127,(anonymous_3)
FN:131,(anonymous_4)
FN:135,(anonymous_5)
FN:172,(anonymous_6)
FN:200,(anonymous_7)
FNF:8
FNH:2
FNDA:3,(anonymous_0)
FNDA:3,(anonymous_1)
FNDA:0,(anonymous_2)
FNDA:0,(anonymous_3)
FNDA:0,(anonymous_4)
FNDA:0,(anonymous_5)
FNDA:0,(anonymous_6)
FNDA:0,(anonymous_7)
DA:33,2
DA:35,3
DA:114,2
DA:115,3
DA:116,3
DA:118,3
DA:119,3
DA:121,3
DA:123,3
DA:124,0
DA:127,3
DA:128,0
DA:131,3
DA:132,0
DA:135,3
DA:136,0
DA:139,3
DA:172,0
DA:200,0
LF:19
LH:13
BRDA:151,0,0,3
BRDA:151,0,1,0
BRDA:169,1,0,3
BRDA:179,2,0,3
BRDA:179,2,1,0
BRDA:206,3,0,3
BRDA:206,3,1,0
BRDA:222,4,0,0
BRDA:222,4,1,0
BRF:9
BRH:4
end_of_record
TN:
SF:/Users/mantas/Personal/Personal/University/CS-Project/task-activity-planner/ma738/code/branches/master/task-activity-planner/client/src/components/User/Tasks/AddTaskForm.js
FN:62,(anonymous_0)
FN:186,(anonymous_1)
FN:204,(anonymous_2)
FN:207,(anonymous_3)
FN:213,(anonymous_4)
FN:220,(anonymous_5)
FN:227,(anonymous_6)
FN:274,(anonymous_7)
FN:325,(anonymous_8)
FNF:9
FNH:0
FNDA:0,(anonymous_0)
FNDA:0,(anonymous_1)
FNDA:0,(anonymous_2)
FNDA:0,(anonymous_3)
FNDA:0,(anonymous_4)
FNDA:0,(anonymous_5)
FNDA:0,(anonymous_6)
FNDA:0,(anonymous_7)
FNDA:0,(anonymous_8)
DA:15,0
DA:27,0
DA:35,0
DA:40,0
DA:63,0
DA:69,0
DA:92,0
DA:107,0
DA:122,0
DA:182,0
DA:186,0
DA:187,0
DA:188,0
DA:189,0
DA:201,0
DA:203,0
DA:205,0
DA:208,0
DA:212,0
DA:213,0
DA:218,0
DA:219,0
DA:220,0
DA:228,0
DA:230,0
DA:231,0
DA:235,0
DA:236,0
DA:237,0
DA:238,0
DA:240,0
DA:258,0
DA:282,0
DA:284,0
DA:326,0
LF:35
LH:0
BRDA:63,0,0,0
BRDA:63,0,1,0
BRDA:230,1,0,0
BRDA:230,1,1,0
BRF:4
BRH:0
end_of_record
TN:
SF:/Users/mantas/Personal/Personal/University/CS-Project/task-activity-planner/ma738/code/branches/master/task-activity-planner/client/src/components/User/Tasks/AllTasks.js
FN:134,(anonymous_0)
FN:138,(anonymous_1)
FN:159,(anonymous_2)
FN:166,(anonymous_3)
FN:167,(anonymous_4)
FN:198,(anonymous_5)
FNF:6
FNH:0
FNDA:0,(anonymous_0)
FNDA:0,(anonymous_1)
FNDA:0,(anonymous_2)
FNDA:0,(anonymous_3)
FNDA:0,(anonymous_4)
FNDA:0,(anonymous_5)
DA:14,0
DA:24,0
DA:33,0
DA:50,0
DA:68,0
DA:84,0
DA:89,0
DA:135,0
DA:139,0
DA:141,0
DA:160,0
DA:161,0
DA:163,0
DA:164,0
DA:166,0
DA:168,0
DA:170,0
DA:198,0
LF:18
LH:0
BRDA:145,0,0,0
BRDA:145,0,1,0
BRDA:163,1,0,0
BRDA:163,1,1,0
BRF:4
BRH:0
end_of_record
TN:
SF:/Users/mantas/Personal/Personal/University/CS-Project/task-activity-planner/ma738/code/branches/master/task-activity-planner/client/src/components/User/Tasks/EditTask.js
FN:63,(anonymous_0)
FN:233,(anonymous_1)
FN:283,(anonymous_2)
FN:334,(anonymous_3)
FNF:4
FNH:0
FNDA:0,(anonymous_0)
FNDA:0,(anonymous_1)
FNDA:0,(anonymous_2)
FNDA:0,(anonymous_3)
DA:16,0
DA:28,0
DA:36,0
DA:41,0
DA:64,0
DA:70,0
DA:93,0
DA:108,0
DA:123,0
DA:183,0
DA:234,0
DA:236,0
DA:237,0
DA:241,0
DA:242,0
DA:244,0
DA:264,0
DA:266,0
DA:291,0
DA:293,0
DA:335,0
LF:21
LH:0
BRDA:64,0,0,0
BRDA:64,0,1,0
BRDA:236,1,0,0
BRDA:236,1,1,0
BRF:4
BRH:0
end_of_record
TN:
SF:/Users/mantas/Personal/Personal/University/CS-Project/task-activity-planner/ma738/code/branches/master/task-activity-planner/client/src/components/shared/Button.js
FN:21,(anonymous_0)
FNF:1
FNH:0
FNDA:0,(anonymous_0)
DA:5,0
DA:21,0
DA:22,0
LF:3
LH:0
BRF:0
BRH:0
end_of_record
TN:
SF:/Users/mantas/Personal/Personal/University/CS-Project/task-activity-planner/ma738/code/branches/master/task-activity-planner/client/src/components/shared/Checkbox.js
FN:24,(anonymous_0)
FN:33,(anonymous_1)
FN:44,(anonymous_2)
FN:47,(anonymous_3)
FN:52,(anonymous_4)
FN:61,(anonymous_5)
FN:68,(anonymous_6)
FNF:7
FNH:0
FNDA:0,(anonymous_0)
FNDA:0,(anonymous_1)
FNDA:0,(anonymous_2)
FNDA:0,(anonymous_3)
FNDA:0,(anonymous_4)
FNDA:0,(anonymous_5)
FNDA:0,(anonymous_6)
DA:7,0
DA:11,0
DA:25,0
DA:27,0
DA:29,0
DA:33,0
DA:34,0
DA:35,0
DA:36,0
DA:41,0
DA:45,0
DA:48,0
DA:52,0
DA:56,0
DA:57,0
DA:59,0
DA:61,0
DA:69,0
LF:18
LH:0
BRF:0
BRH:0
end_of_record
TN:
SF:/Users/mantas/Personal/Personal/University/CS-Project/task-activity-planner/ma738/code/branches/master/task-activity-planner/client/src/components/shared/Theme/Theme.js
FNF:0
FNH:0
DA:4,2
DA:10,2
LF:2
LH:2
BRF:0
BRH:0
end_of_record
TN:
SF:/Users/mantas/Personal/Personal/University/CS-Project/task-activity-planner/ma738/code/branches/master/task-activity-planner/client/src/utils/history.js
FNF:0
FNH:0
LF:0
LH:0
BRF:0
BRH:0
end_of_record
