TN:
SF:/Users/mantas/Personal/University/CS-Project/task-activity-planner/ma738/code/branches/master/task-activity-planner/client/src/App.js
FN:25,(anonymous_0)
FN:39,App
FN:45,(anonymous_2)
FN:51,(anonymous_3)
FNF:4
FNH:4
FNDA:1,(anonymous_0)
FNDA:1,App
FNDA:1,(anonymous_2)
FNDA:1,(anonymous_3)
DA:25,1
DA:40,1
DA:41,1
DA:42,1
DA:45,1
DA:46,1
DA:48,1
DA:51,1
DA:62,1
LF:9
LH:9
BRDA:46,0,0,1
BRDA:46,0,1,0
BRDA:68,1,0,0
BRDA:68,1,1,1
BRDA:68,2,0,1
BRDA:68,2,1,0
BRDA:77,3,0,0
BRDA:77,3,1,1
BRDA:86,4,0,0
BRDA:86,4,1,1
BRDA:95,5,0,0
BRDA:95,5,1,1
BRDA:95,6,0,1
BRDA:95,6,1,0
BRDA:103,7,0,1
BRDA:103,7,1,0
BRDA:103,7,2,0
BRDA:109,8,0,0
BRDA:109,8,1,1
BRDA:109,9,0,1
BRDA:109,9,1,0
BRDA:118,10,0,0
BRDA:118,10,1,1
BRDA:118,11,0,1
BRDA:118,11,1,0
BRDA:127,12,0,0
BRDA:127,12,1,1
BRDA:127,13,0,1
BRDA:127,13,1,0
BRDA:137,14,0,0
BRDA:137,14,1,1
BRDA:137,15,0,1
BRDA:137,15,1,0
BRF:33
BRH:16
end_of_record
TN:
SF:/Users/mantas/Personal/University/CS-Project/task-activity-planner/ma738/code/branches/master/task-activity-planner/client/src/components/Cover/Cover.js
FN:27,(anonymous_0)
FNF:1
FNH:1
FNDA:9,(anonymous_0)
DA:7,2
DA:27,2
DA:28,9
DA:30,9
DA:31,9
DA:32,9
DA:34,9
DA:35,9
DA:37,9
DA:38,9
DA:39,1
DA:40,1
DA:42,9
DA:43,1
DA:44,1
DA:47,9
LF:16
LH:16
BRDA:37,0,0,1
BRDA:37,0,1,8
BRDA:38,1,0,1
BRDA:38,1,1,8
BRDA:42,2,0,1
BRDA:42,2,1,8
BRF:6
BRH:6
end_of_record
TN:
SF:/Users/mantas/Personal/University/CS-Project/task-activity-planner/ma738/code/branches/master/task-activity-planner/client/src/components/Error/Error.js
FN:64,(anonymous_0)
FNF:1
FNH:1
FNDA:2,(anonymous_0)
DA:6,2
DA:55,2
DA:57,2
DA:64,2
DA:65,2
LF:5
LH:5
BRDA:69,0,0,1
BRDA:69,0,1,1
BRF:2
BRH:2
end_of_record
TN:
SF:/Users/mantas/Personal/University/CS-Project/task-activity-planner/ma738/code/branches/master/task-activity-planner/client/src/components/Layout/Layout.js
FN:8,(anonymous_0)
FN:26,(anonymous_1)
FNF:2
FNH:2
FNDA:6,(anonymous_0)
FNDA:6,(anonymous_1)
DA:8,6
DA:26,4
DA:27,6
DA:29,6
LF:4
LH:4
BRF:0
BRH:0
end_of_record
TN:
SF:/Users/mantas/Personal/University/CS-Project/task-activity-planner/ma738/code/branches/master/task-activity-planner/client/src/components/Navigation/Navigation.js
FN:36,(anonymous_0)
FN:117,(anonymous_1)
FN:126,(anonymous_2)
FN:130,(anonymous_3)
FN:134,(anonymous_4)
FN:138,(anonymous_5)
FN:179,(anonymous_6)
FN:223,(anonymous_7)
FNF:8
FNH:8
FNDA:16,(anonymous_0)
FNDA:21,(anonymous_1)
FNDA:2,(anonymous_2)
FNDA:1,(anonymous_3)
FNDA:2,(anonymous_4)
FNDA:1,(anonymous_5)
FNDA:1,(anonymous_6)
FNDA:1,(anonymous_7)
DA:34,5
DA:36,16
DA:117,5
DA:118,21
DA:119,21
DA:121,21
DA:122,21
DA:124,21
DA:126,21
DA:127,2
DA:130,21
DA:131,1
DA:134,21
DA:135,2
DA:138,21
DA:139,1
DA:142,21
DA:179,1
DA:223,1
LF:19
LH:19
BRDA:154,0,0,21
BRDA:154,0,1,14
BRDA:173,1,0,21
BRDA:187,2,0,21
BRDA:187,2,1,14
BRDA:231,3,0,21
BRDA:231,3,1,14
BRDA:250,4,0,12
BRDA:250,4,1,2
BRF:9
BRH:9
end_of_record
TN:
SF:/Users/mantas/Personal/University/CS-Project/task-activity-planner/ma738/code/branches/master/task-activity-planner/client/src/components/User/Account.js
FN:13,(anonymous_0)
FN:45,Account
FN:64,(anonymous_2)
FNF:3
FNH:3
FNDA:1,(anonymous_0)
FNDA:1,Account
FNDA:1,(anonymous_2)
DA:13,2
DA:34,2
DA:46,1
DA:47,1
DA:49,1
DA:72,1
DA:74,1
LF:7
LH:7
BRDA:97,0,0,1
BRDA:97,0,1,0
BRDA:99,1,0,1
BRDA:99,1,1,0
BRDA:99,1,2,0
BRDA:119,2,0,1
BRDA:119,2,1,0
BRDA:121,3,0,1
BRDA:121,3,1,0
BRDA:121,3,2,0
BRF:10
BRH:4
end_of_record
TN:
SF:/Users/mantas/Personal/University/CS-Project/task-activity-planner/ma738/code/branches/master/task-activity-planner/client/src/components/User/FAQ.js
FN:7,FAQ
FNF:1
FNH:1
FNDA:1,FAQ
DA:8,1
DA:10,1
LF:2
LH:2
BRDA:96,0,0,1
BRDA:96,0,1,0
BRF:2
BRH:1
end_of_record
TN:
SF:/Users/mantas/Personal/University/CS-Project/task-activity-planner/ma738/code/branches/master/task-activity-planner/client/src/components/User/Home/Home.js
FN:22,(anonymous_0)
FN:29,(anonymous_1)
FN:32,(anonymous_2)
FN:81,(anonymous_3)
FN:89,(anonymous_4)
FN:97,(anonymous_5)
FN:140,(anonymous_6)
FN:144,(anonymous_7)
FN:147,(anonymous_8)
FN:149,(anonymous_9)
FN:150,(anonymous_10)
FN:182,(anonymous_11)
FNF:12
FNH:7
FNDA:1,(anonymous_0)
FNDA:1,(anonymous_1)
FNDA:0,(anonymous_2)
FNDA:0,(anonymous_3)
FNDA:0,(anonymous_4)
FNDA:0,(anonymous_5)
FNDA:1,(anonymous_6)
FNDA:4,(anonymous_7)
FNDA:4,(anonymous_8)
FNDA:4,(anonymous_9)
FNDA:0,(anonymous_10)
FNDA:4,(anonymous_11)
DA:12,1
DA:22,1
DA:23,1
DA:25,1
DA:30,1
DA:32,0
DA:38,1
DA:81,1
DA:82,0
DA:89,1
DA:90,0
DA:91,0
DA:94,0
DA:97,1
DA:98,0
DA:100,0
DA:141,1
DA:145,4
DA:147,4
DA:148,4
DA:149,4
DA:151,0
DA:152,0
DA:155,0
DA:160,0
DA:162,0
DA:163,0
DA:164,0
DA:165,0
DA:166,0
DA:167,0
DA:169,0
DA:172,4
DA:174,4
DA:183,4
LF:35
LH:17
BRDA:90,0,0,0
BRDA:90,0,1,0
BRDA:98,1,0,0
BRDA:98,1,1,0
BRDA:149,2,0,4
BRDA:149,2,1,0
BRDA:155,3,0,0
BRDA:155,3,1,0
BRDA:156,4,0,0
BRDA:156,4,1,0
BRDA:156,4,2,0
BRDA:156,4,3,0
BRDA:156,4,4,0
BRDA:156,4,5,0
BRDA:162,5,0,0
BRDA:162,5,1,0
BRDA:162,6,0,0
BRDA:162,6,1,0
BRDA:163,7,0,0
BRDA:163,7,1,0
BRDA:163,8,0,0
BRDA:163,8,1,0
BRDA:164,9,0,0
BRDA:164,9,1,0
BRDA:164,10,0,0
BRDA:164,10,1,0
BRDA:165,11,0,0
BRDA:165,11,1,0
BRDA:165,12,0,0
BRDA:165,12,1,0
BRDA:166,13,0,0
BRDA:166,13,1,0
BRDA:166,14,0,0
BRDA:166,14,1,0
BRDA:167,15,0,0
BRDA:167,15,1,0
BRDA:167,16,0,0
BRDA:167,16,1,0
BRDA:184,17,0,4
BRDA:184,17,1,4
BRDA:203,18,0,4
BRDA:203,18,1,0
BRF:42
BRH:4
end_of_record
TN:
SF:/Users/mantas/Personal/University/CS-Project/task-activity-planner/ma738/code/branches/master/task-activity-planner/client/src/components/User/Home/Welcome.js
FN:13,(anonymous_0)
FN:48,(anonymous_1)
FN:77,(anonymous_2)
FN:78,(anonymous_3)
FN:88,(anonymous_4)
FN:89,(anonymous_5)
FN:92,(anonymous_6)
FN:97,(anonymous_7)
FNF:8
FNH:0
FNDA:0,(anonymous_0)
FNDA:0,(anonymous_1)
FNDA:0,(anonymous_2)
FNDA:0,(anonymous_3)
FNDA:0,(anonymous_4)
FNDA:0,(anonymous_5)
FNDA:0,(anonymous_6)
FNDA:0,(anonymous_7)
DA:13,1
DA:48,1
DA:49,0
DA:50,0
DA:51,0
DA:52,0
DA:54,0
DA:55,0
DA:57,0
DA:58,0
DA:59,0
DA:61,0
DA:62,0
DA:63,0
DA:65,0
DA:66,0
DA:67,0
DA:68,0
DA:69,0
DA:71,0
DA:72,0
DA:73,0
DA:74,0
DA:77,0
DA:78,0
DA:79,0
DA:84,0
DA:88,0
DA:89,0
DA:92,0
DA:93,0
DA:98,0
DA:101,0
DA:104,0
DA:105,0
DA:106,0
DA:110,0
DA:111,0
DA:118,0
DA:120,0
LF:40
LH:2
BRDA:65,0,0,0
BRDA:65,0,1,0
BRDA:66,1,0,0
BRDA:66,1,1,0
BRDA:71,2,0,0
BRDA:71,2,1,0
BRDA:104,3,0,0
BRDA:104,3,1,0
BRDA:110,4,0,0
BRDA:110,4,1,0
BRDA:122,5,0,0
BRDA:122,5,1,0
BRDA:122,5,2,0
BRDA:137,6,0,0
BRDA:137,6,1,0
BRDA:137,6,2,0
BRDA:152,7,0,0
BRDA:152,7,1,0
BRDA:168,8,0,0
BRDA:168,8,1,0
BRF:20
BRH:0
end_of_record
TN:
SF:/Users/mantas/Personal/University/CS-Project/task-activity-planner/ma738/code/branches/master/task-activity-planner/client/src/components/User/Mood/Mood.js
FN:11,(anonymous_0)
FN:25,(anonymous_1)
FN:41,(anonymous_2)
FN:44,(anonymous_3)
FN:53,(anonymous_4)
FN:54,(anonymous_5)
FN:60,(anonymous_6)
FN:61,(anonymous_7)
FN:64,(anonymous_8)
FN:71,(anonymous_9)
FN:78,(anonymous_10)
FN:103,(anonymous_11)
FNF:12
FNH:3
FNDA:1,(anonymous_0)
FNDA:0,(anonymous_1)
FNDA:0,(anonymous_2)
FNDA:0,(anonymous_3)
FNDA:0,(anonymous_4)
FNDA:0,(anonymous_5)
FNDA:0,(anonymous_6)
FNDA:0,(anonymous_7)
FNDA:0,(anonymous_8)
FNDA:0,(anonymous_9)
FNDA:1,(anonymous_10)
FNDA:1,(anonymous_11)
DA:11,2
DA:20,1
DA:25,1
DA:26,0
DA:27,0
DA:34,0
DA:36,0
DA:42,0
DA:45,0
DA:49,0
DA:54,0
DA:56,0
DA:61,0
DA:63,0
DA:64,0
DA:69,0
DA:70,0
DA:71,0
DA:79,1
DA:81,1
DA:82,0
DA:85,1
DA:92,1
DA:113,1
DA:115,1
LF:25
LH:9
BRDA:31,0,0,0
BRDA:31,0,1,0
BRDA:81,1,0,0
BRDA:81,1,1,1
BRF:4
BRH:1
end_of_record
TN:
SF:/Users/mantas/Personal/University/CS-Project/task-activity-planner/ma738/code/branches/master/task-activity-planner/client/src/components/User/Summary/Summary.js
FN:11,(anonymous_0)
FN:25,Summary
FN:31,(anonymous_2)
FN:32,(anonymous_3)
FN:37,(anonymous_4)
FN:39,(anonymous_5)
FN:44,(anonymous_6)
FN:49,(anonymous_7)
FN:58,(anonymous_8)
FN:66,(anonymous_9)
FNF:10
FNH:0
FNDA:0,(anonymous_0)
FNDA:0,Summary
FNDA:0,(anonymous_2)
FNDA:0,(anonymous_3)
FNDA:0,(anonymous_4)
FNDA:0,(anonymous_5)
FNDA:0,(anonymous_6)
FNDA:0,(anonymous_7)
FNDA:0,(anonymous_8)
FNDA:0,(anonymous_9)
DA:11,1
DA:26,0
DA:27,0
DA:28,0
DA:29,0
DA:31,0
DA:32,0
DA:33,0
DA:38,0
DA:39,0
DA:44,0
DA:45,0
DA:50,0
DA:54,0
DA:55,0
DA:58,0
DA:59,0
DA:60,0
DA:62,0
DA:66,0
DA:67,0
DA:73,0
DA:76,0
DA:80,0
DA:81,0
DA:83,0
DA:85,0
DA:86,0
DA:88,0
LF:29
LH:1
BRDA:83,0,0,0
BRDA:83,0,1,0
BRDA:123,1,0,0
BRDA:123,1,1,0
BRF:4
BRH:0
end_of_record
TN:
SF:/Users/mantas/Personal/University/CS-Project/task-activity-planner/ma738/code/branches/master/task-activity-planner/client/src/components/User/Summary/TaskDetails.js
FN:13,(anonymous_0)
FN:33,(anonymous_1)
FN:42,TaskDetails
FN:53,(anonymous_3)
FN:57,(anonymous_4)
FNF:5
FNH:0
FNDA:0,(anonymous_0)
FNDA:0,(anonymous_1)
FNDA:0,TaskDetails
FNDA:0,(anonymous_3)
FNDA:0,(anonymous_4)
DA:13,1
DA:33,1
DA:50,0
DA:51,0
DA:53,0
DA:54,0
DA:57,0
DA:58,0
DA:61,0
LF:9
LH:2
BRDA:74,0,0,0
BRDA:74,0,1,0
BRDA:74,1,0,0
BRDA:74,1,1,0
BRDA:126,2,0,0
BRDA:126,2,1,0
BRDA:127,3,0,0
BRDA:127,3,1,0
BRF:8
BRH:0
end_of_record
TN:
SF:/Users/mantas/Personal/University/CS-Project/task-activity-planner/ma738/code/branches/master/task-activity-planner/client/src/components/User/Summary/TaskHistory.js
FN:21,(anonymous_0)
FN:43,TaskHistory
FN:56,(anonymous_2)
FN:60,(anonymous_3)
FN:85,(anonymous_4)
FNF:5
FNH:0
FNDA:0,(anonymous_0)
FNDA:0,TaskHistory
FNDA:0,(anonymous_2)
FNDA:0,(anonymous_3)
FNDA:0,(anonymous_4)
DA:21,1
DA:44,0
DA:45,0
DA:47,0
DA:49,0
DA:50,0
DA:53,0
DA:54,0
DA:56,0
DA:57,0
DA:60,0
DA:61,0
DA:62,0
DA:65,0
DA:86,0
LF:15
LH:1
BRDA:49,0,0,0
BRDA:49,0,1,0
BRDA:79,1,0,0
BRDA:79,1,1,0
BRDA:91,2,0,0
BRDA:91,2,1,0
BRDA:104,3,0,0
BRDA:104,3,1,0
BRDA:118,4,0,0
BRDA:118,4,1,0
BRDA:137,5,0,0
BRDA:137,5,1,0
BRDA:139,6,0,0
BRDA:139,6,1,0
BRF:14
BRH:0
end_of_record
TN:
SF:/Users/mantas/Personal/University/CS-Project/task-activity-planner/ma738/code/branches/master/task-activity-planner/client/src/components/User/Tasks/AddTaskForm.js
FN:11,(anonymous_0)
FN:24,(anonymous_1)
FN:46,(anonymous_2)
FN:49,(anonymous_3)
FN:58,(anonymous_4)
FN:59,(anonymous_5)
FN:65,(anonymous_6)
FN:66,(anonymous_7)
FN:69,(anonymous_8)
FN:76,(anonymous_9)
FN:83,(anonymous_10)
FN:131,(anonymous_11)
FNF:12
FNH:3
FNDA:1,(anonymous_0)
FNDA:0,(anonymous_1)
FNDA:0,(anonymous_2)
FNDA:0,(anonymous_3)
FNDA:0,(anonymous_4)
FNDA:0,(anonymous_5)
FNDA:0,(anonymous_6)
FNDA:0,(anonymous_7)
FNDA:0,(anonymous_8)
FNDA:0,(anonymous_9)
FNDA:1,(anonymous_10)
FNDA:1,(anonymous_11)
DA:11,2
DA:20,1
DA:24,1
DA:25,0
DA:26,0
DA:27,0
DA:39,0
DA:41,0
DA:47,0
DA:50,0
DA:54,0
DA:59,0
DA:61,0
DA:66,0
DA:68,0
DA:69,0
DA:74,0
DA:75,0
DA:76,0
DA:84,1
DA:86,1
DA:87,0
DA:91,1
DA:92,1
DA:93,1
DA:94,1
DA:96,1
DA:115,1
DA:141,1
DA:143,1
LF:30
LH:13
BRDA:86,0,0,0
BRDA:86,0,1,1
BRF:2
BRH:1
end_of_record
TN:
SF:/Users/mantas/Personal/University/CS-Project/task-activity-planner/ma738/code/branches/master/task-activity-planner/client/src/components/User/Tasks/AllTasks.js
FN:78,(anonymous_0)
FN:121,(anonymous_1)
FN:129,(anonymous_2)
FN:137,(anonymous_3)
FN:141,(anonymous_4)
FN:146,(anonymous_5)
FN:153,(anonymous_6)
FN:171,(anonymous_7)
FNF:8
FNH:3
FNDA:0,(anonymous_0)
FNDA:0,(anonymous_1)
FNDA:0,(anonymous_2)
FNDA:1,(anonymous_3)
FNDA:2,(anonymous_4)
FNDA:0,(anonymous_5)
FNDA:0,(anonymous_6)
FNDA:2,(anonymous_7)
DA:13,1
DA:78,1
DA:79,0
DA:81,0
DA:121,1
DA:122,0
DA:129,1
DA:130,0
DA:131,0
DA:134,0
DA:138,1
DA:142,2
DA:145,2
DA:147,0
DA:148,0
DA:150,0
DA:151,0
DA:153,0
DA:155,2
DA:163,2
DA:172,2
LF:21
LH:10
BRDA:79,0,0,0
BRDA:79,0,1,0
BRDA:130,1,0,0
BRDA:130,1,1,0
BRDA:150,2,0,0
BRDA:150,2,1,0
BRDA:173,3,0,2
BRDA:173,3,1,0
BRDA:190,4,0,2
BRDA:190,4,1,0
BRF:10
BRH:2
end_of_record
TN:
SF:/Users/mantas/Personal/University/CS-Project/task-activity-planner/ma738/code/branches/master/task-activity-planner/client/src/components/User/Tasks/EditTask.js
FN:12,(anonymous_0)
FN:84,(anonymous_1)
FN:134,(anonymous_2)
FNF:3
FNH:3
FNDA:2,(anonymous_0)
FNDA:2,(anonymous_1)
FNDA:2,(anonymous_2)
DA:12,2
DA:21,2
DA:85,2
DA:87,2
DA:88,0
DA:92,2
DA:93,2
DA:95,2
DA:115,2
DA:117,2
DA:144,2
DA:146,2
LF:12
LH:11
BRDA:87,0,0,0
BRDA:87,0,1,2
BRF:2
BRH:1
end_of_record
TN:
SF:/Users/mantas/Personal/University/CS-Project/task-activity-planner/ma738/code/branches/master/task-activity-planner/client/src/components/shared/Card.js
FN:22,SummaryCard
FN:39,(anonymous_1)
FN:69,(anonymous_2)
FN:74,(anonymous_3)
FN:79,(anonymous_4)
FNF:5
FNH:0
FNDA:0,SummaryCard
FNDA:0,(anonymous_1)
FNDA:0,(anonymous_2)
FNDA:0,(anonymous_3)
FNDA:0,(anonymous_4)
DA:11,1
DA:35,0
DA:36,0
DA:37,0
DA:39,0
DA:40,0
DA:41,0
DA:44,0
DA:69,0
DA:74,0
DA:79,0
LF:11
LH:1
BRDA:62,0,0,0
BRDA:62,0,1,0
BRDA:66,1,0,0
BRDA:66,1,1,0
BRF:4
BRH:0
end_of_record
TN:
SF:/Users/mantas/Personal/University/CS-Project/task-activity-planner/ma738/code/branches/master/task-activity-planner/client/src/components/shared/Checkbox.js
FN:6,(anonymous_0)
FN:16,(anonymous_1)
FN:31,(anonymous_2)
FN:34,(anonymous_3)
FN:39,(anonymous_4)
FN:45,(anonymous_5)
FN:55,(anonymous_6)
FN:63,(anonymous_7)
FNF:8
FNH:5
FNDA:2,(anonymous_0)
FNDA:1,(anonymous_1)
FNDA:0,(anonymous_2)
FNDA:1,(anonymous_3)
FNDA:1,(anonymous_4)
FNDA:0,(anonymous_5)
FNDA:0,(anonymous_6)
FNDA:3,(anonymous_7)
DA:7,2
DA:9,2
DA:11,2
DA:16,2
DA:17,1
DA:18,1
DA:19,1
DA:26,1
DA:35,1
DA:39,1
DA:45,1
DA:46,0
DA:53,0
DA:55,0
DA:64,3
DA:66,3
LF:16
LH:13
BRF:0
BRH:0
end_of_record
TN:
SF:/Users/mantas/Personal/University/CS-Project/task-activity-planner/ma738/code/branches/master/task-activity-planner/client/src/components/shared/MobileAddButtons.js
FN:7,MobileAddButtons
FNF:1
FNH:1
FNDA:4,MobileAddButtons
DA:8,4
LF:1
LH:1
BRF:0
BRH:0
end_of_record
TN:
SF:/Users/mantas/Personal/University/CS-Project/task-activity-planner/ma738/code/branches/master/task-activity-planner/client/src/components/shared/Forms/MoodForm.js
FN:21,(anonymous_0)
FN:54,MoodForm
FNF:2
FNH:2
FNDA:1,(anonymous_0)
FNDA:1,MoodForm
DA:21,2
DA:30,2
DA:43,2
DA:65,1
LF:4
LH:4
BRDA:117,0,0,1
BRDA:117,0,1,0
BRDA:136,1,0,1
BRDA:136,1,1,0
BRDA:136,1,2,0
BRDA:143,2,0,1
BRDA:143,2,1,0
BRDA:160,3,0,1
BRDA:160,3,1,0
BRDA:160,3,2,0
BRF:10
BRH:4
end_of_record
TN:
SF:/Users/mantas/Personal/University/CS-Project/task-activity-planner/ma738/code/branches/master/task-activity-planner/client/src/components/shared/Forms/TaskForm.js
FN:16,(anonymous_0)
FN:49,TaskForm
FN:124,(anonymous_2)
FNF:3
FNH:2
FNDA:3,(anonymous_0)
FNDA:3,TaskForm
FNDA:0,(anonymous_2)
DA:16,3
DA:25,3
DA:38,3
DA:61,3
DA:124,0
LF:5
LH:4
BRDA:87,0,0,3
BRDA:87,0,1,0
BRDA:89,1,0,3
BRDA:89,1,1,0
BRDA:89,1,2,0
BRDA:104,2,0,3
BRDA:104,2,1,0
BRDA:106,3,0,3
BRDA:106,3,1,0
BRDA:106,3,2,0
BRDA:127,4,0,3
BRDA:127,4,1,0
BRDA:129,5,0,3
BRDA:129,5,1,0
BRDA:129,5,2,0
BRDA:137,6,0,3
BRDA:137,6,1,0
BRDA:155,7,0,3
BRDA:155,7,1,0
BRDA:155,7,2,0
BRDA:162,8,0,3
BRDA:162,8,1,0
BRDA:180,9,0,3
BRDA:180,9,1,0
BRDA:180,9,2,0
BRDA:186,10,0,1
BRDA:186,10,1,2
BRF:27
BRH:12
end_of_record
TN:
SF:/Users/mantas/Personal/University/CS-Project/task-activity-planner/ma738/code/branches/master/task-activity-planner/client/src/components/shared/Table/MobileTable.js
FN:39,(anonymous_0)
FN:45,(anonymous_1)
FN:51,(anonymous_2)
FN:60,(anonymous_3)
FN:66,(anonymous_4)
FN:74,MobileTable
FN:92,(anonymous_6)
FN:96,(anonymous_7)
FN:184,(anonymous_8)
FN:358,(anonymous_9)
FNF:10
FNH:5
FNDA:1,(anonymous_0)
FNDA:1,(anonymous_1)
FNDA:1,(anonymous_2)
FNDA:0,(anonymous_3)
FNDA:1,(anonymous_4)
FNDA:4,MobileTable
FNDA:0,(anonymous_6)
FNDA:0,(anonymous_7)
FNDA:0,(anonymous_8)
FNDA:0,(anonymous_9)
DA:39,3
DA:45,3
DA:51,3
DA:60,3
DA:66,3
DA:86,4
DA:87,4
DA:90,4
DA:92,4
DA:93,0
DA:96,4
DA:97,0
DA:98,0
DA:101,4
DA:185,0
DA:186,0
DA:187,0
DA:188,0
DA:190,0
DA:191,0
DA:193,0
DA:359,0
LF:22
LH:11
BRDA:127,0,0,4
BRDA:127,0,1,0
BRDA:144,1,0,2
BRDA:144,1,1,2
BRDA:144,2,0,4
BRDA:144,2,1,4
BRDA:150,3,0,2
BRDA:150,3,1,2
BRDA:150,4,0,4
BRDA:150,4,1,4
BRDA:167,5,0,2
BRDA:167,5,1,2
BRDA:167,6,0,4
BRDA:167,6,1,4
BRDA:178,7,0,0
BRDA:178,7,1,0
BRDA:233,8,0,0
BRDA:233,8,1,0
BRDA:240,9,0,0
BRDA:240,9,1,0
BRDA:249,10,0,0
BRDA:249,10,1,0
BRDA:262,11,0,0
BRDA:262,11,1,0
BRDA:269,12,0,0
BRDA:269,12,1,0
BRDA:276,13,0,0
BRDA:276,13,1,0
BRDA:300,14,0,0
BRDA:300,14,1,0
BRDA:338,15,0,0
BRDA:338,15,1,0
BRDA:355,16,0,0
BRDA:355,16,1,0
BRDA:374,17,0,0
BRDA:374,17,1,0
BRF:36
BRH:13
end_of_record
TN:
SF:/Users/mantas/Personal/University/CS-Project/task-activity-planner/ma738/code/branches/master/task-activity-planner/client/src/components/shared/Table/Table.js
FN:34,(anonymous_0)
FN:40,(anonymous_1)
FN:50,(anonymous_2)
FN:58,TaskTable
FN:84,(anonymous_4)
FN:88,(anonymous_5)
FN:132,(anonymous_6)
FN:202,(anonymous_7)
FN:301,(anonymous_8)
FNF:9
FNH:0
FNDA:0,(anonymous_0)
FNDA:0,(anonymous_1)
FNDA:0,(anonymous_2)
FNDA:0,TaskTable
FNDA:0,(anonymous_4)
FNDA:0,(anonymous_5)
FNDA:0,(anonymous_6)
FNDA:0,(anonymous_7)
FNDA:0,(anonymous_8)
DA:34,3
DA:40,3
DA:50,3
DA:73,0
DA:74,0
DA:75,0
DA:76,0
DA:77,0
DA:78,0
DA:79,0
DA:82,0
DA:84,0
DA:85,0
DA:88,0
DA:89,0
DA:90,0
DA:93,0
DA:95,0
DA:96,0
DA:97,0
DA:98,0
DA:100,0
DA:101,0
DA:102,0
DA:103,0
DA:105,0
DA:133,0
DA:203,0
DA:204,0
DA:205,0
DA:206,0
DA:208,0
DA:302,0
LF:33
LH:3
BRDA:95,0,0,0
BRDA:95,0,1,0
BRDA:96,1,0,0
BRDA:96,1,1,0
BRDA:97,2,0,0
BRDA:97,2,1,0
BRDA:98,3,0,0
BRDA:98,3,1,0
BRDA:100,4,0,0
BRDA:100,4,1,0
BRDA:101,5,0,0
BRDA:101,5,1,0
BRDA:102,6,0,0
BRDA:102,6,1,0
BRDA:103,7,0,0
BRDA:103,7,1,0
BRDA:135,8,0,0
BRDA:135,8,1,0
BRDA:138,9,0,0
BRDA:138,9,1,0
BRDA:144,10,0,0
BRDA:144,10,1,0
BRDA:162,11,0,0
BRDA:162,11,1,0
BRDA:162,12,0,0
BRDA:162,12,1,0
BRDA:168,13,0,0
BRDA:168,13,1,0
BRDA:168,14,0,0
BRDA:168,14,1,0
BRDA:185,15,0,0
BRDA:185,15,1,0
BRDA:185,16,0,0
BRDA:185,16,1,0
BRDA:196,17,0,0
BRDA:196,17,1,0
BRDA:222,18,0,0
BRDA:222,18,1,0
BRDA:224,19,0,0
BRDA:224,19,1,0
BRDA:228,20,0,0
BRDA:228,20,1,0
BRDA:235,21,0,0
BRDA:235,21,1,0
BRDA:240,22,0,0
BRDA:240,22,1,0
BRDA:266,23,0,0
BRDA:266,23,1,0
BRDA:276,24,0,0
BRDA:276,24,1,0
BRDA:282,25,0,0
BRDA:282,25,1,0
BRDA:298,26,0,0
BRDA:298,26,1,0
BRDA:314,27,0,0
BRDA:314,27,1,0
BRDA:322,28,0,0
BRDA:322,28,1,0
BRF:58
BRH:0
end_of_record
TN:
SF:/Users/mantas/Personal/University/CS-Project/task-activity-planner/ma738/code/branches/master/task-activity-planner/client/src/components/shared/Table/TablePaginationActions.js
FN:10,(anonymous_0)
FN:17,TablePaginationActions
FN:22,(anonymous_2)
FN:26,(anonymous_3)
FN:30,(anonymous_4)
FN:34,(anonymous_5)
FNF:6
FNH:2
FNDA:1,(anonymous_0)
FNDA:4,TablePaginationActions
FNDA:0,(anonymous_2)
FNDA:0,(anonymous_3)
FNDA:0,(anonymous_4)
FNDA:0,(anonymous_5)
DA:10,3
DA:18,4
DA:19,4
DA:20,4
DA:22,4
DA:23,0
DA:26,4
DA:27,0
DA:30,4
DA:31,0
DA:34,4
DA:35,0
DA:37,4
LF:13
LH:9
BRDA:44,0,0,0
BRDA:44,0,1,4
BRDA:51,1,0,0
BRDA:51,1,1,4
BRDA:62,2,0,0
BRDA:62,2,1,4
BRDA:73,3,0,0
BRDA:73,3,1,4
BRF:8
BRH:4
end_of_record
TN:
SF:/Users/mantas/Personal/University/CS-Project/task-activity-planner/ma738/code/branches/master/task-activity-planner/client/src/components/shared/Table/UndoMessage.js
FN:7,UndoMessage
FNF:1
FNH:1
FNDA:6,UndoMessage
DA:8,6
LF:1
LH:1
BRF:0
BRH:0
end_of_record
TN:
SF:/Users/mantas/Personal/University/CS-Project/task-activity-planner/ma738/code/branches/master/task-activity-planner/client/src/components/shared/Table/WarningMessage.js
FN:9,(anonymous_0)
FN:21,WarningMessage
FN:49,(anonymous_2)
FNF:3
FNH:2
FNDA:2,(anonymous_0)
FNDA:6,WarningMessage
FNDA:0,(anonymous_2)
DA:9,3
DA:28,6
DA:30,6
DA:50,0
DA:51,0
LF:5
LH:3
BRF:0
BRH:0
end_of_record
TN:
SF:/Users/mantas/Personal/University/CS-Project/task-activity-planner/ma738/code/branches/master/task-activity-planner/client/src/components/shared/Theme/Theme.js
FNF:0
FNH:0
DA:4,11
DA:10,11
LF:2
LH:2
BRF:0
BRH:0
end_of_record
TN:
SF:/Users/mantas/Personal/University/CS-Project/task-activity-planner/ma738/code/branches/master/task-activity-planner/client/src/utils/history.js
FNF:0
FNH:0
LF:0
LH:0
BRF:0
BRH:0
end_of_record
