{"/Users/mantas/Personal/Personal/University/CS-Project/task-activity-planner/ma738/code/branches/master/task-activity-planner/src/resources/Mood/__tests__/Mood.spec.js":{"path":"/Users/mantas/Personal/Personal/University/CS-Project/task-activity-planner/ma738/code/branches/master/task-activity-planner/src/resources/Mood/__tests__/Mood.spec.js","s":{"1":1,"2":1,"3":1,"4":1,"5":1,"6":1,"7":1,"8":1,"9":1,"10":1,"11":1,"12":1,"13":1,"14":1,"15":1,"16":1,"17":1,"18":1},"b":{},"f":{"1":1},"fnMap":{"1":{"name":"(anonymous_1)","line":31,"loc":{"start":{"line":31,"column":9},"end":{"line":31,"column":20}}}},"statementMap":{"1":{"start":{"line":1,"column":0},"end":{"line":1,"column":31}},"2":{"start":{"line":2,"column":0},"end":{"line":2,"column":40}},"3":{"start":{"line":3,"column":0},"end":{"line":3,"column":30}},"4":{"start":{"line":5,"column":0},"end":{"line":5,"column":53}},"5":{"start":{"line":6,"column":0},"end":{"line":6,"column":38}},"6":{"start":{"line":8,"column":0},"end":{"line":53,"column":3}},"7":{"start":{"line":9,"column":2},"end":{"line":20,"column":4}},"8":{"start":{"line":22,"column":2},"end":{"line":27,"column":5}},"9":{"start":{"line":23,"column":4},"end":{"line":26,"column":6}},"10":{"start":{"line":29,"column":2},"end":{"line":52,"column":4}},"11":{"start":{"line":32,"column":6},"end":{"line":32,"column":32}},"12":{"start":{"line":33,"column":6},"end":{"line":33,"column":61}},"13":{"start":{"line":35,"column":6},"end":{"line":35,"column":44}},"14":{"start":{"line":37,"column":6},"end":{"line":37,"column":53}},"15":{"start":{"line":38,"column":6},"end":{"line":38,"column":80}},"16":{"start":{"line":39,"column":6},"end":{"line":42,"column":8}},"17":{"start":{"line":43,"column":6},"end":{"line":46,"column":8}},"18":{"start":{"line":47,"column":6},"end":{"line":50,"column":8}}},"branchMap":{}},"/Users/mantas/Personal/Personal/University/CS-Project/task-activity-planner/ma738/code/branches/master/task-activity-planner/src/resources/Mood/Mood.controller.js":{"path":"/Users/mantas/Personal/Personal/University/CS-Project/task-activity-planner/ma738/code/branches/master/task-activity-planner/src/resources/Mood/Mood.controller.js","s":{"1":1,"2":1,"3":1,"4":0,"5":0,"6":0,"7":0,"8":0,"9":1,"10":1,"11":1,"12":0,"13":1,"14":1},"b":{"1":[0,0],"2":[0,1]},"f":{"1":1},"fnMap":{"1":{"name":"(anonymous_1)","line":36,"loc":{"start":{"line":36,"column":24},"end":{"line":36,"column":44}}}},"statementMap":{"1":{"start":{"line":1,"column":0},"end":{"line":1,"column":37}},"2":{"start":{"line":2,"column":0},"end":{"line":2,"column":59}},"3":{"start":{"line":11,"column":0},"end":{"line":26,"column":2}},"4":{"start":{"line":12,"column":2},"end":{"line":25,"column":17}},"5":{"start":{"line":13,"column":4},"end":{"line":19,"column":5}},"6":{"start":{"line":14,"column":6},"end":{"line":18,"column":10}},"7":{"start":{"line":22,"column":6},"end":{"line":22,"column":24}},"8":{"start":{"line":23,"column":6},"end":{"line":23,"column":28}},"9":{"start":{"line":35,"column":0},"end":{"line":54,"column":2}},"10":{"start":{"line":36,"column":2},"end":{"line":53,"column":5}},"11":{"start":{"line":37,"column":4},"end":{"line":43,"column":5}},"12":{"start":{"line":38,"column":6},"end":{"line":42,"column":10}},"13":{"start":{"line":45,"column":4},"end":{"line":50,"column":6}},"14":{"start":{"line":52,"column":4},"end":{"line":52,"column":26}}},"branchMap":{"1":{"line":13,"type":"if","locations":[{"start":{"line":13,"column":4},"end":{"line":13,"column":4}},{"start":{"line":13,"column":4},"end":{"line":13,"column":4}}]},"2":{"line":37,"type":"if","locations":[{"start":{"line":37,"column":4},"end":{"line":37,"column":4}},{"start":{"line":37,"column":4},"end":{"line":37,"column":4}}]}}},"/Users/mantas/Personal/Personal/University/CS-Project/task-activity-planner/ma738/code/branches/master/task-activity-planner/src/resources/Mood/Mood.model.js":{"path":"/Users/mantas/Personal/Personal/University/CS-Project/task-activity-planner/ma738/code/branches/master/task-activity-planner/src/resources/Mood/Mood.model.js","s":{"1":1,"2":1,"3":1,"4":1},"b":{},"f":{},"fnMap":{},"statementMap":{"1":{"start":{"line":1,"column":0},"end":{"line":1,"column":37}},"2":{"start":{"line":2,"column":0},"end":{"line":2,"column":31}},"3":{"start":{"line":4,"column":0},"end":{"line":34,"column":3}},"4":{"start":{"line":36,"column":0},"end":{"line":36,"column":52}}},"branchMap":{}},"/Users/mantas/Personal/Personal/University/CS-Project/task-activity-planner/ma738/code/branches/master/task-activity-planner/src/resources/User/User.model.js":{"path":"/Users/mantas/Personal/Personal/University/CS-Project/task-activity-planner/ma738/code/branches/master/task-activity-planner/src/resources/User/User.model.js","s":{"1":1,"2":1,"3":1,"4":1},"b":{},"f":{},"fnMap":{},"statementMap":{"1":{"start":{"line":1,"column":0},"end":{"line":1,"column":37}},"2":{"start":{"line":2,"column":0},"end":{"line":2,"column":31}},"3":{"start":{"line":4,"column":0},"end":{"line":34,"column":3}},"4":{"start":{"line":36,"column":0},"end":{"line":36,"column":52}}},"branchMap":{}},"/Users/mantas/Personal/Personal/University/CS-Project/task-activity-planner/ma738/code/branches/master/task-activity-planner/src/resources/Task/Task.model.js":{"path":"/Users/mantas/Personal/Personal/University/CS-Project/task-activity-planner/ma738/code/branches/master/task-activity-planner/src/resources/Task/Task.model.js","s":{"1":1,"2":1,"3":1,"4":1},"b":{},"f":{},"fnMap":{},"statementMap":{"1":{"start":{"line":1,"column":0},"end":{"line":1,"column":37}},"2":{"start":{"line":2,"column":0},"end":{"line":2,"column":31}},"3":{"start":{"line":4,"column":0},"end":{"line":55,"column":3}},"4":{"start":{"line":57,"column":0},"end":{"line":57,"column":52}}},"branchMap":{}},"/Users/mantas/Personal/Personal/University/CS-Project/task-activity-planner/ma738/code/branches/master/task-activity-planner/src/resources/Task/__tests__/Task.spec.js":{"path":"/Users/mantas/Personal/Personal/University/CS-Project/task-activity-planner/ma738/code/branches/master/task-activity-planner/src/resources/Task/__tests__/Task.spec.js","s":{"1":1,"2":1,"3":1,"4":1,"5":1,"6":1,"7":1,"8":1,"9":6,"10":1,"11":1,"12":1,"13":1,"14":1,"15":1,"16":1,"17":1,"18":1,"19":1,"20":1,"21":1,"22":1,"23":1,"24":1,"25":1,"26":1,"27":1,"28":1,"29":1,"30":1,"31":1,"32":1,"33":1,"34":1,"35":1,"36":1,"37":1,"38":1,"39":1,"40":1,"41":1,"42":1,"43":1,"44":1,"45":1,"46":1,"47":1,"48":1,"49":1,"50":1,"51":1,"52":1},"b":{},"f":{"1":1,"2":1,"3":1,"4":1,"5":1,"6":1},"fnMap":{"1":{"name":"(anonymous_1)","line":39,"loc":{"start":{"line":39,"column":9},"end":{"line":39,"column":20}}},"2":{"name":"(anonymous_2)","line":73,"loc":{"start":{"line":73,"column":9},"end":{"line":73,"column":20}}},"3":{"name":"(anonymous_3)","line":106,"loc":{"start":{"line":106,"column":9},"end":{"line":106,"column":20}}},"4":{"name":"(anonymous_4)","line":135,"loc":{"start":{"line":135,"column":9},"end":{"line":135,"column":20}}},"5":{"name":"(anonymous_5)","line":161,"loc":{"start":{"line":161,"column":9},"end":{"line":161,"column":20}}},"6":{"name":"(anonymous_6)","line":178,"loc":{"start":{"line":178,"column":9},"end":{"line":178,"column":20}}}},"statementMap":{"1":{"start":{"line":1,"column":0},"end":{"line":1,"column":31}},"2":{"start":{"line":2,"column":0},"end":{"line":2,"column":40}},"3":{"start":{"line":3,"column":0},"end":{"line":3,"column":30}},"4":{"start":{"line":5,"column":0},"end":{"line":5,"column":53}},"5":{"start":{"line":6,"column":0},"end":{"line":6,"column":38}},"6":{"start":{"line":8,"column":0},"end":{"line":195,"column":3}},"7":{"start":{"line":9,"column":2},"end":{"line":27,"column":4}},"8":{"start":{"line":29,"column":2},"end":{"line":35,"column":5}},"9":{"start":{"line":30,"column":4},"end":{"line":34,"column":6}},"10":{"start":{"line":37,"column":2},"end":{"line":69,"column":4}},"11":{"start":{"line":40,"column":6},"end":{"line":40,"column":42}},"12":{"start":{"line":41,"column":6},"end":{"line":41,"column":59}},"13":{"start":{"line":43,"column":6},"end":{"line":43,"column":40}},"14":{"start":{"line":45,"column":6},"end":{"line":45,"column":53}},"15":{"start":{"line":46,"column":6},"end":{"line":46,"column":60}},"16":{"start":{"line":47,"column":6},"end":{"line":67,"column":8}},"17":{"start":{"line":71,"column":2},"end":{"line":102,"column":4}},"18":{"start":{"line":74,"column":6},"end":{"line":74,"column":36}},"19":{"start":{"line":75,"column":6},"end":{"line":75,"column":42}},"20":{"start":{"line":76,"column":6},"end":{"line":76,"column":62}},"21":{"start":{"line":78,"column":6},"end":{"line":78,"column":42}},"22":{"start":{"line":80,"column":6},"end":{"line":80,"column":68}},"23":{"start":{"line":81,"column":6},"end":{"line":81,"column":59}},"24":{"start":{"line":82,"column":6},"end":{"line":100,"column":8}},"25":{"start":{"line":104,"column":2},"end":{"line":131,"column":4}},"26":{"start":{"line":107,"column":6},"end":{"line":118,"column":8}},"27":{"start":{"line":120,"column":6},"end":{"line":120,"column":42}},"28":{"start":{"line":121,"column":6},"end":{"line":121,"column":55}},"29":{"start":{"line":123,"column":6},"end":{"line":123,"column":44}},"30":{"start":{"line":125,"column":6},"end":{"line":125,"column":53}},"31":{"start":{"line":126,"column":6},"end":{"line":129,"column":8}},"32":{"start":{"line":133,"column":2},"end":{"line":157,"column":4}},"33":{"start":{"line":136,"column":6},"end":{"line":147,"column":8}},"34":{"start":{"line":148,"column":6},"end":{"line":148,"column":36}},"35":{"start":{"line":150,"column":6},"end":{"line":150,"column":32}},"36":{"start":{"line":151,"column":6},"end":{"line":151,"column":66}},"37":{"start":{"line":153,"column":6},"end":{"line":153,"column":45}},"38":{"start":{"line":155,"column":6},"end":{"line":155,"column":79}},"39":{"start":{"line":159,"column":2},"end":{"line":174,"column":4}},"40":{"start":{"line":162,"column":6},"end":{"line":162,"column":36}},"41":{"start":{"line":163,"column":6},"end":{"line":163,"column":32}},"42":{"start":{"line":164,"column":6},"end":{"line":164,"column":69}},"43":{"start":{"line":166,"column":6},"end":{"line":166,"column":50}},"44":{"start":{"line":168,"column":6},"end":{"line":168,"column":67}},"45":{"start":{"line":169,"column":6},"end":{"line":172,"column":8}},"46":{"start":{"line":176,"column":2},"end":{"line":194,"column":4}},"47":{"start":{"line":179,"column":6},"end":{"line":182,"column":8}},"48":{"start":{"line":184,"column":6},"end":{"line":184,"column":29}},"49":{"start":{"line":186,"column":6},"end":{"line":186,"column":32}},"50":{"start":{"line":188,"column":6},"end":{"line":188,"column":62}},"51":{"start":{"line":190,"column":6},"end":{"line":190,"column":50}},"52":{"start":{"line":192,"column":6},"end":{"line":192,"column":79}}},"branchMap":{}}}