{"/Users/mantas/Personal/Personal/University/CS-Project/task-activity-planner/ma738/code/branches/master/task-activity-planner/src/resources/Mood/__tests__/Mood.spec.js":{"path":"/Users/mantas/Personal/Personal/University/CS-Project/task-activity-planner/ma738/code/branches/master/task-activity-planner/src/resources/Mood/__tests__/Mood.spec.js","s":{"1":1,"2":1,"3":1,"4":1,"5":1,"6":1,"7":1,"8":1,"9":1,"10":1,"11":1,"12":1,"13":1,"14":1,"15":1,"16":1,"17":1,"18":1},"b":{},"f":{"1":1,"2":1},"fnMap":{"1":{"name":"(anonymous_1)","line":8,"loc":{"start":{"line":8,"column":28},"end":{"line":8,"column":39}}},"2":{"name":"(anonymous_2)","line":31,"loc":{"start":{"line":31,"column":9},"end":{"line":31,"column":20}}}},"statementMap":{"1":{"start":{"line":1,"column":0},"end":{"line":1,"column":31}},"2":{"start":{"line":2,"column":0},"end":{"line":2,"column":40}},"3":{"start":{"line":3,"column":0},"end":{"line":3,"column":30}},"4":{"start":{"line":5,"column":0},"end":{"line":5,"column":53}},"5":{"start":{"line":6,"column":0},"end":{"line":6,"column":38}},"6":{"start":{"line":8,"column":0},"end":{"line":53,"column":3}},"7":{"start":{"line":9,"column":2},"end":{"line":20,"column":4}},"8":{"start":{"line":22,"column":2},"end":{"line":27,"column":5}},"9":{"start":{"line":23,"column":4},"end":{"line":26,"column":6}},"10":{"start":{"line":29,"column":2},"end":{"line":52,"column":4}},"11":{"start":{"line":32,"column":6},"end":{"line":32,"column":32}},"12":{"start":{"line":33,"column":6},"end":{"line":33,"column":61}},"13":{"start":{"line":35,"column":6},"end":{"line":35,"column":44}},"14":{"start":{"line":37,"column":6},"end":{"line":37,"column":53}},"15":{"start":{"line":38,"column":6},"end":{"line":38,"column":80}},"16":{"start":{"line":39,"column":6},"end":{"line":42,"column":8}},"17":{"start":{"line":43,"column":6},"end":{"line":46,"column":8}},"18":{"start":{"line":47,"column":6},"end":{"line":50,"column":8}}},"branchMap":{}},"/Users/mantas/Personal/Personal/University/CS-Project/task-activity-planner/ma738/code/branches/master/task-activity-planner/src/resources/Mood/Mood.controller.js":{"path":"/Users/mantas/Personal/Personal/University/CS-Project/task-activity-planner/ma738/code/branches/master/task-activity-planner/src/resources/Mood/Mood.controller.js","s":{"1":1,"2":1,"3":1,"4":0,"5":0,"6":0,"7":0,"8":0,"9":1,"10":1,"11":1,"12":0,"13":1,"14":1},"b":{"1":[0,0],"2":[0,1]},"f":{"1":1},"fnMap":{"1":{"name":"(anonymous_1)","line":36,"loc":{"start":{"line":36,"column":24},"end":{"line":36,"column":44}}}},"statementMap":{"1":{"start":{"line":1,"column":0},"end":{"line":1,"column":37}},"2":{"start":{"line":2,"column":0},"end":{"line":2,"column":59}},"3":{"start":{"line":11,"column":0},"end":{"line":26,"column":2}},"4":{"start":{"line":12,"column":2},"end":{"line":25,"column":17}},"5":{"start":{"line":13,"column":4},"end":{"line":19,"column":5}},"6":{"start":{"line":14,"column":6},"end":{"line":18,"column":10}},"7":{"start":{"line":22,"column":6},"end":{"line":22,"column":24}},"8":{"start":{"line":23,"column":6},"end":{"line":23,"column":28}},"9":{"start":{"line":35,"column":0},"end":{"line":54,"column":2}},"10":{"start":{"line":36,"column":2},"end":{"line":53,"column":5}},"11":{"start":{"line":37,"column":4},"end":{"line":43,"column":5}},"12":{"start":{"line":38,"column":6},"end":{"line":42,"column":10}},"13":{"start":{"line":45,"column":4},"end":{"line":50,"column":6}},"14":{"start":{"line":52,"column":4},"end":{"line":52,"column":26}}},"branchMap":{"1":{"line":13,"type":"if","locations":[{"start":{"line":13,"column":4},"end":{"line":13,"column":4}},{"start":{"line":13,"column":4},"end":{"line":13,"column":4}}]},"2":{"line":37,"type":"if","locations":[{"start":{"line":37,"column":4},"end":{"line":37,"column":4}},{"start":{"line":37,"column":4},"end":{"line":37,"column":4}}]}}},"/Users/mantas/Personal/Personal/University/CS-Project/task-activity-planner/ma738/code/branches/master/task-activity-planner/src/resources/Mood/Mood.model.js":{"path":"/Users/mantas/Personal/Personal/University/CS-Project/task-activity-planner/ma738/code/branches/master/task-activity-planner/src/resources/Mood/Mood.model.js","s":{"1":1,"2":1,"3":1,"4":1},"b":{},"f":{},"fnMap":{},"statementMap":{"1":{"start":{"line":1,"column":0},"end":{"line":1,"column":37}},"2":{"start":{"line":2,"column":0},"end":{"line":2,"column":31}},"3":{"start":{"line":4,"column":0},"end":{"line":34,"column":3}},"4":{"start":{"line":36,"column":0},"end":{"line":36,"column":52}}},"branchMap":{}},"/Users/mantas/Personal/Personal/University/CS-Project/task-activity-planner/ma738/code/branches/master/task-activity-planner/src/resources/User/User.model.js":{"path":"/Users/mantas/Personal/Personal/University/CS-Project/task-activity-planner/ma738/code/branches/master/task-activity-planner/src/resources/User/User.model.js","s":{"1":1,"2":1,"3":1,"4":1},"b":{},"f":{},"fnMap":{},"statementMap":{"1":{"start":{"line":1,"column":0},"end":{"line":1,"column":37}},"2":{"start":{"line":2,"column":0},"end":{"line":2,"column":31}},"3":{"start":{"line":4,"column":0},"end":{"line":34,"column":3}},"4":{"start":{"line":36,"column":0},"end":{"line":36,"column":52}}},"branchMap":{}},"/Users/mantas/Personal/Personal/University/CS-Project/task-activity-planner/ma738/code/branches/master/task-activity-planner/src/resources/Task/Task.model.js":{"path":"/Users/mantas/Personal/Personal/University/CS-Project/task-activity-planner/ma738/code/branches/master/task-activity-planner/src/resources/Task/Task.model.js","s":{"1":1,"2":1,"3":1,"4":1},"b":{},"f":{},"fnMap":{},"statementMap":{"1":{"start":{"line":1,"column":0},"end":{"line":1,"column":37}},"2":{"start":{"line":2,"column":0},"end":{"line":2,"column":31}},"3":{"start":{"line":4,"column":0},"end":{"line":55,"column":3}},"4":{"start":{"line":57,"column":0},"end":{"line":57,"column":52}}},"branchMap":{}}}