TN:
SF:/Users/mantas/Personal/Personal/University/CS-Project/task-activity-planner/ma738/code/branches/master/task-activity-planner/src/resources/Mood/__tests__/Mood.spec.js
FN:8,(anonymous_1)
FN:31,(anonymous_2)
FNF:2
FNH:2
FNDA:1,(anonymous_1)
FNDA:1,(anonymous_2)
DA:1,1
DA:2,1
DA:3,1
DA:5,1
DA:6,1
DA:8,1
DA:9,1
DA:22,1
DA:23,1
DA:29,1
DA:32,1
DA:33,1
DA:35,1
DA:37,1
DA:38,1
DA:39,1
DA:43,1
DA:47,1
LF:18
LH:18
BRF:0
BRH:0
end_of_record
TN:
SF:/Users/mantas/Personal/Personal/University/CS-Project/task-activity-planner/ma738/code/branches/master/task-activity-planner/src/resources/Mood/Mood.controller.js
FN:36,(anonymous_1)
FNF:1
FNH:1
FNDA:1,(anonymous_1)
DA:1,1
DA:2,1
DA:11,1
DA:12,0
DA:13,0
DA:14,0
DA:22,0
DA:23,0
DA:35,1
DA:36,1
DA:37,1
DA:38,0
DA:45,1
DA:52,1
LF:14
LH:8
BRDA:13,1,0,0
BRDA:13,1,1,0
BRDA:37,2,0,0
BRDA:37,2,1,1
BRF:4
BRH:1
end_of_record
TN:
SF:/Users/mantas/Personal/Personal/University/CS-Project/task-activity-planner/ma738/code/branches/master/task-activity-planner/src/resources/Mood/Mood.model.js
FNF:0
FNH:0
DA:1,1
DA:2,1
DA:4,1
DA:36,1
LF:4
LH:4
BRF:0
BRH:0
end_of_record
TN:
SF:/Users/mantas/Personal/Personal/University/CS-Project/task-activity-planner/ma738/code/branches/master/task-activity-planner/src/resources/User/User.model.js
FNF:0
FNH:0
DA:1,1
DA:2,1
DA:4,1
DA:36,1
LF:4
LH:4
BRF:0
BRH:0
end_of_record
TN:
SF:/Users/mantas/Personal/Personal/University/CS-Project/task-activity-planner/ma738/code/branches/master/task-activity-planner/src/resources/Task/Task.model.js
FNF:0
FNH:0
DA:1,1
DA:2,1
DA:4,1
DA:57,1
LF:4
LH:4
BRF:0
BRH:0
end_of_record
