TN:
SF:/Users/mantas/Personal/Personal/University/CS-Project/task-activity-planner/ma738/code/branches/master/task-activity-planner/src/resources/Mood/__tests__/Mood.spec.js
FN:31,(anonymous_1)
FNF:1
FNH:1
FNDA:1,(anonymous_1)
DA:1,1
DA:2,1
DA:3,1
DA:5,1
DA:6,1
DA:8,1
DA:9,1
DA:22,1
DA:23,1
DA:29,1
DA:32,1
DA:33,1
DA:35,1
DA:37,1
DA:38,1
DA:39,1
DA:43,1
DA:47,1
LF:18
LH:18
BRF:0
BRH:0
end_of_record
TN:
SF:/Users/mantas/Personal/Personal/University/CS-Project/task-activity-planner/ma738/code/branches/master/task-activity-planner/src/resources/Mood/Mood.controller.js
FN:38,(anonymous_1)
FNF:1
FNH:1
FNDA:1,(anonymous_1)
DA:1,1
DA:2,1
DA:13,1
DA:14,1
DA:15,1
DA:16,1
DA:24,1
DA:25,1
DA:37,1
DA:38,1
DA:39,1
DA:40,0
DA:47,1
DA:54,1
LF:14
LH:13
BRDA:15,1,0,0
BRDA:15,1,1,0
BRDA:39,2,0,0
BRDA:39,2,1,1
BRF:4
BRH:3
end_of_record
TN:
SF:/Users/mantas/Personal/Personal/University/CS-Project/task-activity-planner/ma738/code/branches/master/task-activity-planner/src/resources/Mood/Mood.model.js
FNF:0
FNH:0
DA:1,1
DA:2,1
DA:4,1
DA:36,1
LF:4
LH:4
BRF:0
BRH:0
end_of_record
TN:
SF:/Users/mantas/Personal/Personal/University/CS-Project/task-activity-planner/ma738/code/branches/master/task-activity-planner/src/resources/User/User.model.js
FNF:0
FNH:0
DA:1,1
DA:2,1
DA:4,1
DA:36,1
LF:4
LH:4
BRF:0
BRH:0
end_of_record
TN:
SF:/Users/mantas/Personal/Personal/University/CS-Project/task-activity-planner/ma738/code/branches/master/task-activity-planner/src/resources/Task/Task.model.js
FNF:0
FNH:0
DA:1,1
DA:2,1
DA:4,1
DA:57,1
LF:4
LH:4
BRF:0
BRH:0
end_of_record
TN:
SF:/Users/mantas/Personal/Personal/University/CS-Project/task-activity-planner/ma738/code/branches/master/task-activity-planner/src/resources/Task/__tests__/Task.spec.js
FN:39,(anonymous_1)
FN:73,(anonymous_2)
FN:106,(anonymous_3)
FN:135,(anonymous_4)
FN:161,(anonymous_5)
FN:178,(anonymous_6)
FNF:6
FNH:6
FNDA:1,(anonymous_1)
FNDA:1,(anonymous_2)
FNDA:1,(anonymous_3)
FNDA:1,(anonymous_4)
FNDA:1,(anonymous_5)
FNDA:1,(anonymous_6)
DA:1,1
DA:2,1
DA:3,1
DA:5,1
DA:6,1
DA:8,1
DA:9,1
DA:29,1
DA:30,6
DA:37,1
DA:40,1
DA:41,1
DA:43,1
DA:45,1
DA:46,1
DA:47,1
DA:71,1
DA:74,1
DA:75,1
DA:76,1
DA:78,1
DA:80,1
DA:81,1
DA:82,1
DA:104,1
DA:107,1
DA:120,1
DA:121,1
DA:123,1
DA:125,1
DA:126,1
DA:133,1
DA:136,1
DA:148,1
DA:150,1
DA:151,1
DA:153,1
DA:155,1
DA:159,1
DA:162,1
DA:163,1
DA:164,1
DA:166,1
DA:168,1
DA:169,1
DA:176,1
DA:179,1
DA:184,1
DA:186,1
DA:188,1
DA:190,1
DA:192,1
LF:52
LH:52
BRF:0
BRH:0
end_of_record
TN:
SF:/Users/mantas/Personal/Personal/University/CS-Project/task-activity-planner/ma738/code/branches/master/task-activity-planner/src/resources/User/__tests__/User.spec.js
FN:27,(anonymous_1)
FNF:1
FNH:1
FNDA:1,(anonymous_1)
DA:1,1
DA:2,1
DA:3,1
DA:5,1
DA:6,1
DA:8,1
DA:9,1
DA:18,1
DA:19,1
DA:25,1
DA:28,1
DA:29,1
DA:31,1
DA:33,1
DA:34,0
LF:15
LH:14
BRF:0
BRH:0
end_of_record
TN:
SF:/Users/mantas/Personal/Personal/University/CS-Project/task-activity-planner/ma738/code/branches/master/task-activity-planner/src/resources/User/User.controller.js
FN:13,(anonymous_1)
FN:36,(anonymous_2)
FNF:2
FNH:2
FNDA:0,(anonymous_1)
FNDA:0,(anonymous_2)
DA:1,1
DA:12,1
DA:13,1
DA:14,1
DA:15,1
DA:17,1
DA:20,1
DA:33,1
DA:34,1
DA:36,1
DA:37,1
DA:39,1
DA:46,1
DA:48,1
DA:49,1
LF:15
LH:15
BRDA:14,1,0,0
BRDA:14,1,1,0
BRDA:37,2,0,0
BRDA:37,2,1,0
BRDA:37,3,0,0
BRDA:37,3,1,0
BRF:6
BRH:6
end_of_record
